#
# There is insufficient memory for the Java Runtime Environment to continue.
# Native memory allocation (malloc) failed to allocate 750896 bytes for Chunk::new
# Possible reasons:
#   The system is out of physical RAM or swap space
#   The process is running with CompressedOops enabled, and the Java Heap may be blocking the growth of the native heap
# Possible solutions:
#   Reduce memory load on the system
#   Increase physical memory or swap space
#   Check if swap backing store is full
#   Decrease Java heap size (-Xmx/-Xms)
#   Decrease number of Java threads
#   Decrease Java thread stack sizes (-Xss)
#   Set larger code cache with -XX:ReservedCodeCacheSize=
#   JVM is running with Unscaled Compressed Oops mode in which the Java heap is
#     placed in the first 4GB address space. The Java Heap base address is the
#     maximum limit for the native heap growth. Please use -XX:HeapBaseMinAddress
#     to set the Java Heap base and to place the Java Heap above 4GB virtual address.
# This output file may be truncated or incomplete.
#
#  Out of Memory Error (allocation.cpp:389), pid=7964, tid=0x0000000000001938
#
# JRE version: Java(TM) SE Runtime Environment (8.0_271-b09) (build 1.8.0_271-b09)
# Java VM: Java HotSpot(TM) 64-Bit Server VM (25.271-b09 mixed mode windows-amd64 compressed oops)
# Failed to write core dump. Minidumps are not enabled by default on client versions of Windows
#

---------------  T H R E A D  ---------------

Current thread (0x000000d1d579b000):  JavaThread "C2 CompilerThread1" daemon [_thread_in_native, id=6456, stack(0x000000d1d6ad0000,0x000000d1d6bd0000)]

Stack: [0x000000d1d6ad0000,0x000000d1d6bd0000]
Native frames: (J=compiled Java code, j=interpreted, Vv=VM code, C=native code)
V  [jvm.dll+0x33f6c9]
V  [jvm.dll+0x286122]
V  [jvm.dll+0x286dcd]
V  [jvm.dll+0x27d805]
V  [jvm.dll+0xe574c]
V  [jvm.dll+0xe5f4c]
V  [jvm.dll+0x480043]
V  [jvm.dll+0x447af3]
V  [jvm.dll+0x450c25]
V  [jvm.dll+0x44ffe5]
V  [jvm.dll+0x43aef7]
V  [jvm.dll+0xbc3eb]
V  [jvm.dll+0xbaa4b]
V  [jvm.dll+0x24e7c2]
V  [jvm.dll+0x2a2dcc]
C  [ucrtbase.DLL+0x682dd]
C  [KERNEL32.DLL+0x16ad]
C  [ntdll.dll+0x74629]


Current CompileTask:
C2:  20525 3327       4       java.net.URLClassLoader$1::run (5 bytes)


---------------  P R O C E S S  ---------------

Java Threads: ( => current thread )
  0x000000d1d57c5800 JavaThread "Service Thread" daemon [_thread_blocked, id=7480, stack(0x000000d1d6cd0000,0x000000d1d6dd0000)]
  0x000000d1d57b2800 JavaThread "C1 CompilerThread2" daemon [_thread_blocked, id=2196, stack(0x000000d1d6bd0000,0x000000d1d6cd0000)]
=>0x000000d1d579b000 JavaThread "C2 CompilerThread1" daemon [_thread_in_native, id=6456, stack(0x000000d1d6ad0000,0x000000d1d6bd0000)]
  0x000000d1d5773000 JavaThread "C2 CompilerThread0" daemon [_thread_in_native, id=4652, stack(0x000000d1d69d0000,0x000000d1d6ad0000)]
  0x000000d1d576c800 JavaThread "Monitor Ctrl-Break" daemon [_thread_in_native, id=8080, stack(0x000000d1d68d0000,0x000000d1d69d0000)]
  0x000000d1d56fe800 JavaThread "Attach Listener" daemon [_thread_blocked, id=4356, stack(0x000000d1d67c0000,0x000000d1d68c0000)]
  0x000000d1d56fd800 JavaThread "Signal Dispatcher" daemon [_thread_blocked, id=8152, stack(0x000000d1d66c0000,0x000000d1d67c0000)]
  0x000000d1d4fad000 JavaThread "Finalizer" daemon [_thread_blocked, id=8044, stack(0x000000d1d63a0000,0x000000d1d64a0000)]
  0x000000d1d56d6000 JavaThread "Reference Handler" daemon [_thread_blocked, id=876, stack(0x000000d1d62a0000,0x000000d1d63a0000)]
  0x000000d1c1110800 JavaThread "main" [_thread_in_vm, id=7944, stack(0x000000d1c2930000,0x000000d1c2a30000)]

Other Threads:
  0x000000d1d56b2800 VMThread [stack: 0x000000d1d61a0000,0x000000d1d62a0000] [id=4872]
  0x000000d1d57cc000 WatcherThread [stack: 0x000000d1d71d0000,0x000000d1d72d0000] [id=3624]

VM state:not at safepoint (normal execution)

VM Mutex/Monitor currently owned by a thread: None

heap address: 0x00000000c1c00000, size: 996 MB, Compressed Oops mode: 32-bit
Narrow klass base: 0x0000000000000000, Narrow klass shift: 3
Compressed class space size: 1073741824 Address: 0x0000000100000000

Heap:
 PSYoungGen      total 72192K, used 49512K [0x00000000eb400000, 0x00000000f2a80000, 0x0000000100000000)
  eden space 63488K, 64% used [0x00000000eb400000,0x00000000edbf9330,0x00000000ef200000)
  from space 8704K, 98% used [0x00000000ef200000,0x00000000efa60f98,0x00000000efa80000)
  to   space 9728K, 0% used [0x00000000f2100000,0x00000000f2100000,0x00000000f2a80000)
 ParOldGen       total 44032K, used 19049K [0x00000000c1c00000, 0x00000000c4700000, 0x00000000eb400000)
  object space 44032K, 43% used [0x00000000c1c00000,0x00000000c2e9a690,0x00000000c4700000)
 Metaspace       used 17993K, capacity 18420K, committed 18688K, reserved 1064960K
  class space    used 2059K, capacity 2187K, committed 2304K, reserved 1048576K

Card table byte_map: [0x000000d1d1e20000,0x000000d1d2020000] byte_map_base: 0x000000d1d1812000

Marking Bits: (ParMarkBitMap*) 0x000000006c807fe0
 Begin Bits: [0x000000d1d2570000, 0x000000d1d3500000)
 End Bits:   [0x000000d1d3500000, 0x000000d1d4490000)

Polling page: 0x000000d1c2a30000

CodeCache: size=245760Kb used=10888Kb max_used=11455Kb free=234871Kb
 bounds [0x000000d1c2a60000, 0x000000d1c35a0000, 0x000000d1d1a60000]
 total_blobs=3537 nmethods=3153 adapters=296
 compilation: enabled

Compilation events (10 events):
Event: 20.187 Thread 0x000000d1d57b2800 3394       3       org.codehaus.plexus.util.MatchPattern::matchPath (26 bytes)
Event: 20.188 Thread 0x000000d1d57b2800 nmethod 3394 0x000000d1c3006810 code [0x000000d1c30069c0, 0x000000d1c3007060]
Event: 20.188 Thread 0x000000d1d57b2800 3398       1       java.nio.charset.CharsetDecoder::maxCharsPerByte (5 bytes)
Event: 20.188 Thread 0x000000d1d57b2800 nmethod 3398 0x000000d1c2e7c6d0 code [0x000000d1c2e7c820, 0x000000d1c2e7c938]
Event: 20.189 Thread 0x000000d1d57b2800 3397       3       org.codehaus.plexus.util.SelectorUtils::equals (37 bytes)
Event: 20.189 Thread 0x000000d1d57b2800 nmethod 3397 0x000000d1c2c85150 code [0x000000d1c2c852e0, 0x000000d1c2c85600]
Event: 20.225 Thread 0x000000d1d57b2800 3399       3       sun.nio.fs.WindowsPathParser::isInvalidPathChar (22 bytes)
Event: 20.225 Thread 0x000000d1d57b2800 nmethod 3399 0x000000d1c2e832d0 code [0x000000d1c2e83440, 0x000000d1c2e837b0]
Event: 20.324 Thread 0x000000d1d57b2800 3400       3       org.eclipse.aether.DefaultRepositorySystemSession::failIfReadOnly (18 bytes)
Event: 20.325 Thread 0x000000d1d57b2800 nmethod 3400 0x000000d1c2ed16d0 code [0x000000d1c2ed1840, 0x000000d1c2ed1ab0]

GC Heap History (10 events):
Event: 11.781 GC heap before
{Heap before GC invocations=5 (full 0):
 PSYoungGen      total 18944K, used 18928K [0x00000000eb400000, 0x00000000ed900000, 0x0000000100000000)
  eden space 16384K, 100% used [0x00000000eb400000,0x00000000ec400000,0x00000000ec400000)
  from space 2560K, 99% used [0x00000000ec680000,0x00000000ec8fc030,0x00000000ec900000)
  to   space 2560K, 0% used [0x00000000ec400000,0x00000000ec400000,0x00000000ec680000)
 ParOldGen       total 44032K, used 4967K [0x00000000c1c00000, 0x00000000c4700000, 0x00000000eb400000)
  object space 44032K, 11% used [0x00000000c1c00000,0x00000000c20d9ea0,0x00000000c4700000)
 Metaspace       used 13133K, capacity 13374K, committed 13568K, reserved 1060864K
  class space    used 1623K, capacity 1704K, committed 1792K, reserved 1048576K
Event: 11.803 GC heap after
Heap after GC invocations=5 (full 0):
 PSYoungGen      total 18944K, used 2528K [0x00000000eb400000, 0x00000000edf00000, 0x0000000100000000)
  eden space 16384K, 0% used [0x00000000eb400000,0x00000000eb400000,0x00000000ec400000)
  from space 2560K, 98% used [0x00000000ec400000,0x00000000ec678060,0x00000000ec680000)
  to   space 5632K, 0% used [0x00000000ed980000,0x00000000ed980000,0x00000000edf00000)
 ParOldGen       total 44032K, used 7261K [0x00000000c1c00000, 0x00000000c4700000, 0x00000000eb400000)
  object space 44032K, 16% used [0x00000000c1c00000,0x00000000c2317690,0x00000000c4700000)
 Metaspace       used 13133K, capacity 13374K, committed 13568K, reserved 1060864K
  class space    used 1623K, capacity 1704K, committed 1792K, reserved 1048576K
}
Event: 13.858 GC heap before
{Heap before GC invocations=6 (full 0):
 PSYoungGen      total 18944K, used 18912K [0x00000000eb400000, 0x00000000edf00000, 0x0000000100000000)
  eden space 16384K, 100% used [0x00000000eb400000,0x00000000ec400000,0x00000000ec400000)
  from space 2560K, 98% used [0x00000000ec400000,0x00000000ec678060,0x00000000ec680000)
  to   space 5632K, 0% used [0x00000000ed980000,0x00000000ed980000,0x00000000edf00000)
 ParOldGen       total 44032K, used 7261K [0x00000000c1c00000, 0x00000000c4700000, 0x00000000eb400000)
  object space 44032K, 16% used [0x00000000c1c00000,0x00000000c2317690,0x00000000c4700000)
 Metaspace       used 15085K, capacity 15336K, committed 15616K, reserved 1062912K
  class space    used 1848K, capacity 1940K, committed 2048K, reserved 1048576K
Event: 13.883 GC heap after
Heap after GC invocations=6 (full 0):
 PSYoungGen      total 37888K, used 4860K [0x00000000eb400000, 0x00000000ee000000, 0x0000000100000000)
  eden space 32256K, 0% used [0x00000000eb400000,0x00000000eb400000,0x00000000ed380000)
  from space 5632K, 86% used [0x00000000ed980000,0x00000000ede3f190,0x00000000edf00000)
  to   space 6144K, 0% used [0x00000000ed380000,0x00000000ed380000,0x00000000ed980000)
 ParOldGen       total 44032K, used 7261K [0x00000000c1c00000, 0x00000000c4700000, 0x00000000eb400000)
  object space 44032K, 16% used [0x00000000c1c00000,0x00000000c2317690,0x00000000c4700000)
 Metaspace       used 15085K, capacity 15336K, committed 15616K, reserved 1062912K
  class space    used 1848K, capacity 1940K, committed 2048K, reserved 1048576K
}
Event: 16.358 GC heap before
{Heap before GC invocations=7 (full 0):
 PSYoungGen      total 37888K, used 37116K [0x00000000eb400000, 0x00000000ee000000, 0x0000000100000000)
  eden space 32256K, 100% used [0x00000000eb400000,0x00000000ed380000,0x00000000ed380000)
  from space 5632K, 86% used [0x00000000ed980000,0x00000000ede3f190,0x00000000edf00000)
  to   space 6144K, 0% used [0x00000000ed380000,0x00000000ed380000,0x00000000ed980000)
 ParOldGen       total 44032K, used 7261K [0x00000000c1c00000, 0x00000000c4700000, 0x00000000eb400000)
  object space 44032K, 16% used [0x00000000c1c00000,0x00000000c2317690,0x00000000c4700000)
 Metaspace       used 16197K, capacity 16450K, committed 16640K, reserved 1064960K
  class space    used 1928K, capacity 2010K, committed 2048K, reserved 1048576K
Event: 16.376 GC heap after
Heap after GC invocations=7 (full 0):
 PSYoungGen      total 38400K, used 6137K [0x00000000eb400000, 0x00000000f0200000, 0x0000000100000000)
  eden space 32256K, 0% used [0x00000000eb400000,0x00000000eb400000,0x00000000ed380000)
  from space 6144K, 99% used [0x00000000ed380000,0x00000000ed97e758,0x00000000ed980000)
  to   space 7680K, 0% used [0x00000000efa80000,0x00000000efa80000,0x00000000f0200000)
 ParOldGen       total 44032K, used 9201K [0x00000000c1c00000, 0x00000000c4700000, 0x00000000eb400000)
  object space 44032K, 20% used [0x00000000c1c00000,0x00000000c24fc5c0,0x00000000c4700000)
 Metaspace       used 16197K, capacity 16450K, committed 16640K, reserved 1064960K
  class space    used 1928K, capacity 2010K, committed 2048K, reserved 1048576K
}
Event: 17.813 GC heap before
{Heap before GC invocations=8 (full 0):
 PSYoungGen      total 38400K, used 38393K [0x00000000eb400000, 0x00000000f0200000, 0x0000000100000000)
  eden space 32256K, 100% used [0x00000000eb400000,0x00000000ed380000,0x00000000ed380000)
  from space 6144K, 99% used [0x00000000ed380000,0x00000000ed97e758,0x00000000ed980000)
  to   space 7680K, 0% used [0x00000000efa80000,0x00000000efa80000,0x00000000f0200000)
 ParOldGen       total 44032K, used 9201K [0x00000000c1c00000, 0x00000000c4700000, 0x00000000eb400000)
  object space 44032K, 20% used [0x00000000c1c00000,0x00000000c24fc5c0,0x00000000c4700000)
 Metaspace       used 16549K, capacity 16810K, committed 17152K, reserved 1064960K
  class space    used 1934K, capacity 2016K, committed 2048K, reserved 1048576K
Event: 17.832 GC heap after
Heap after GC invocations=8 (full 0):
 PSYoungGen      total 71168K, used 7232K [0x00000000eb400000, 0x00000000f0400000, 0x0000000100000000)
  eden space 63488K, 0% used [0x00000000eb400000,0x00000000eb400000,0x00000000ef200000)
  from space 7680K, 94% used [0x00000000efa80000,0x00000000f0190020,0x00000000f0200000)
  to   space 8704K, 0% used [0x00000000ef200000,0x00000000ef200000,0x00000000efa80000)
 ParOldGen       total 44032K, used 9689K [0x00000000c1c00000, 0x00000000c4700000, 0x00000000eb400000)
  object space 44032K, 22% used [0x00000000c1c00000,0x00000000c25765c0,0x00000000c4700000)
 Metaspace       used 16549K, capacity 16810K, committed 17152K, reserved 1064960K
  class space    used 1934K, capacity 2016K, committed 2048K, reserved 1048576K
}
Event: 19.922 GC heap before
{Heap before GC invocations=9 (full 0):
 PSYoungGen      total 71168K, used 70657K [0x00000000eb400000, 0x00000000f0400000, 0x0000000100000000)
  eden space 63488K, 99% used [0x00000000eb400000,0x00000000ef1f07c8,0x00000000ef200000)
  from space 7680K, 94% used [0x00000000efa80000,0x00000000f0190020,0x00000000f0200000)
  to   space 8704K, 0% used [0x00000000ef200000,0x00000000ef200000,0x00000000efa80000)
 ParOldGen       total 44032K, used 9689K [0x00000000c1c00000, 0x00000000c4700000, 0x00000000eb400000)
  object space 44032K, 22% used [0x00000000c1c00000,0x00000000c25765c0,0x00000000c4700000)
 Metaspace       used 17920K, capacity 18356K, committed 18688K, reserved 1064960K
  class space    used 2048K, capacity 2187K, committed 2304K, reserved 1048576K
Event: 20.072 GC heap after
Heap after GC invocations=9 (full 0):
 PSYoungGen      total 72192K, used 8579K [0x00000000eb400000, 0x00000000f2a80000, 0x0000000100000000)
  eden space 63488K, 0% used [0x00000000eb400000,0x00000000eb400000,0x00000000ef200000)
  from space 8704K, 98% used [0x00000000ef200000,0x00000000efa60f98,0x00000000efa80000)
  to   space 9728K, 0% used [0x00000000f2100000,0x00000000f2100000,0x00000000f2a80000)
 ParOldGen       total 44032K, used 19049K [0x00000000c1c00000, 0x00000000c4700000, 0x00000000eb400000)
  object space 44032K, 43% used [0x00000000c1c00000,0x00000000c2e9a690,0x00000000c4700000)
 Metaspace       used 17920K, capacity 18356K, committed 18688K, reserved 1064960K
  class space    used 2048K, capacity 2187K, committed 2304K, reserved 1048576K
}

Deoptimization events (10 events):
Event: 18.965 Thread 0x000000d1c1110800 Uncommon trap: reason=null_check action=make_not_entrant pc=0x000000d1c349da38 method=org.apache.maven.model.validation.DefaultModelValidator.validateEffectiveDependency(Lorg/apache/maven/model/building/ModelProblemCollector;Lorg/apache/maven/model/Depend
Event: 19.567 Thread 0x000000d1c1110800 Uncommon trap: reason=unstable_if action=reinterpret pc=0x000000d1c2ba040c method=org.codehaus.plexus.util.StringUtils.isNotEmpty(Ljava/lang/String;)Z @ 8
Event: 19.670 Thread 0x000000d1c1110800 Uncommon trap: reason=class_check action=maybe_recompile pc=0x000000d1c2f9d188 method=com.google.inject.internal.LinkedBindingImpl.acceptTargetVisitor(Lcom/google/inject/spi/BindingTargetVisitor;)Ljava/lang/Object; @ 2
Event: 19.671 Thread 0x000000d1c1110800 Uncommon trap: reason=class_check action=maybe_recompile pc=0x000000d1c2f9d188 method=com.google.inject.internal.LinkedBindingImpl.acceptTargetVisitor(Lcom/google/inject/spi/BindingTargetVisitor;)Ljava/lang/Object; @ 2
Event: 19.741 Thread 0x000000d1c1110800 Uncommon trap: reason=class_check action=maybe_recompile pc=0x000000d1c2f9d188 method=com.google.inject.internal.LinkedBindingImpl.acceptTargetVisitor(Lcom/google/inject/spi/BindingTargetVisitor;)Ljava/lang/Object; @ 2
Event: 19.741 Thread 0x000000d1c1110800 Uncommon trap: reason=class_check action=maybe_recompile pc=0x000000d1c2f9d188 method=com.google.inject.internal.LinkedBindingImpl.acceptTargetVisitor(Lcom/google/inject/spi/BindingTargetVisitor;)Ljava/lang/Object; @ 2
Event: 19.750 Thread 0x000000d1c1110800 Uncommon trap: reason=null_check action=make_not_entrant pc=0x000000d1c2bea500 method=com.google.inject.internal.InjectorImpl.enterContext()Lcom/google/inject/internal/InternalContext; @ 7
Event: 19.831 Thread 0x000000d1c1110800 Uncommon trap: reason=class_check action=maybe_recompile pc=0x000000d1c3516f4c method=org.eclipse.sisu.wire.EntryListAdapter$ValueIterator.next()Ljava/lang/Object; @ 4
Event: 20.146 Thread 0x000000d1c1110800 Uncommon trap: reason=unstable_if action=reinterpret pc=0x000000d1c30e7554 method=java.nio.charset.CharsetEncoder.encode(Ljava/nio/CharBuffer;Ljava/nio/ByteBuffer;Z)Ljava/nio/charset/CoderResult; @ 1
Event: 20.243 Thread 0x000000d1c1110800 Uncommon trap: reason=class_check action=maybe_recompile pc=0x000000d1c3516f4c method=org.eclipse.sisu.wire.EntryListAdapter$ValueIterator.next()Ljava/lang/Object; @ 4

Classes redefined (0 events):
No events

Internal exceptions (10 events):
Event: 12.146 Thread 0x000000d1c1110800 Exception <a 'java/lang/NoClassDefFoundError'> (0x00000000eb7e0340) thrown at [C:\jenkins\workspace\8-2-build-windows-amd64-cygwin\jdk8u271\605\hotspot\src\share\vm\prims\jvm.cpp, line 1516]
Event: 12.147 Thread 0x000000d1c1110800 Exception <a 'java/lang/NoClassDefFoundError': javax/annotation/Priority> (0x00000000eb7e5148) thrown at [C:\jenkins\workspace\8-2-build-windows-amd64-cygwin\jdk8u271\605\hotspot\src\share\vm\classfile\systemDictionary.cpp, line 201]
Event: 12.476 Thread 0x000000d1c1110800 Implicit null exception at 0x000000d1c2c3fed8 to 0x000000d1c2c400a1
Event: 13.647 Thread 0x000000d1c1110800 Implicit null exception at 0x000000d1c2c68f56 to 0x000000d1c2c692fd
Event: 13.648 Thread 0x000000d1c1110800 Implicit null exception at 0x000000d1c2c4a0d6 to 0x000000d1c2c4a475
Event: 14.760 Thread 0x000000d1c1110800 Implicit null exception at 0x000000d1c3087708 to 0x000000d1c30889c9
Event: 16.044 Thread 0x000000d1c1110800 Implicit null exception at 0x000000d1c31d89ef to 0x000000d1c31d8c31
Event: 18.287 Thread 0x000000d1c1110800 Implicit null exception at 0x000000d1c2e5b995 to 0x000000d1c2e5bb65
Event: 18.965 Thread 0x000000d1c1110800 Implicit null exception at 0x000000d1c349c6ec to 0x000000d1c349da15
Event: 19.750 Thread 0x000000d1c1110800 Implicit null exception at 0x000000d1c2bea0c1 to 0x000000d1c2bea4f1

Events (10 events):
Event: 20.242 loading class org/apache/maven/plugin/logging/Log done
Event: 20.243 loading class org/apache/maven/plugin/logging/Log
Event: 20.243 loading class org/apache/maven/plugin/logging/Log done
Event: 20.243 Thread 0x000000d1c1110800 Uncommon trap: trap_request=0xffffffde fr.pc=0x000000d1c3516f4c
Event: 20.243 Thread 0x000000d1c1110800 DEOPT PACKING pc=0x000000d1c3516f4c sp=0x000000d1c2a2e2b0
Event: 20.243 Thread 0x000000d1c1110800 DEOPT UNPACKING pc=0x000000d1c2aa5843 sp=0x000000d1c2a2e288 mode 2
Event: 20.244 loading class org/apache/maven/artifact/resolver/filter/CumulativeScopeArtifactFilter
Event: 20.244 loading class org/apache/maven/artifact/resolver/filter/CumulativeScopeArtifactFilter done
Event: 20.254 loading class org/apache/maven/artifact/resolver/filter/AbstractScopeArtifactFilter
Event: 20.254 loading class org/apache/maven/artifact/resolver/filter/AbstractScopeArtifactFilter done


Dynamic libraries:
0x00007ff72d560000 - 0x00007ff72d5a7000 	C:\Program Files\Java\jdk1.8.0_271\bin\java.exe
0x00007ff930560000 - 0x00007ff93070a000 	C:\WINDOWS\SYSTEM32\ntdll.dll
0x00007ff92fc60000 - 0x00007ff92fd9a000 	C:\WINDOWS\system32\KERNEL32.DLL
0x00007ff92da40000 - 0x00007ff92db4f000 	C:\WINDOWS\system32\KERNELBASE.dll
0x00007ff92c510000 - 0x00007ff92c598000 	C:\WINDOWS\system32\apphelp.dll
0x00007ff9209a0000 - 0x00007ff9209ef000 	C:\WINDOWS\AppPatch\AppPatch64\AcGenral.DLL
0x00007ff92e3e0000 - 0x00007ff92e487000 	C:\WINDOWS\system32\msvcrt.dll
0x00007ff92d6b0000 - 0x00007ff92d6db000 	C:\WINDOWS\SYSTEM32\SspiCli.dll
0x00007ff92e120000 - 0x00007ff92e171000 	C:\WINDOWS\system32\SHLWAPI.dll
0x00007ff92e260000 - 0x00007ff92e3d1000 	C:\WINDOWS\system32\USER32.dll
0x00007ff92e670000 - 0x00007ff92e7e8000 	C:\WINDOWS\system32\ole32.dll
0x00007ff92e840000 - 0x00007ff92fc57000 	C:\WINDOWS\system32\SHELL32.dll
0x00007ff92cee0000 - 0x00007ff92cefe000 	C:\WINDOWS\SYSTEM32\USERENV.dll
0x00007ff930280000 - 0x00007ff930325000 	C:\WINDOWS\system32\ADVAPI32.dll
0x00007ff91f9f0000 - 0x00007ff91fa0b000 	C:\WINDOWS\SYSTEM32\MPR.dll
0x00007ff930360000 - 0x00007ff930496000 	C:\WINDOWS\system32\RPCRT4.dll
0x00007ff92df20000 - 0x00007ff92df77000 	C:\WINDOWS\SYSTEM32\sechost.dll
0x00007ff92e490000 - 0x00007ff92e666000 	C:\WINDOWS\SYSTEM32\combase.dll
0x00007ff930130000 - 0x00007ff930275000 	C:\WINDOWS\system32\GDI32.dll
0x00007ff92d8d0000 - 0x00007ff92d8e4000 	C:\WINDOWS\SYSTEM32\profapi.dll
0x00007ff92bf30000 - 0x00007ff92bfcf000 	C:\WINDOWS\SYSTEM32\SHCORE.dll
0x00007ff92e7f0000 - 0x00007ff92e824000 	C:\WINDOWS\system32\IMM32.DLL
0x00007ff92dde0000 - 0x00007ff92df19000 	C:\WINDOWS\system32\MSCTF.dll
0x00007ff92a530000 - 0x00007ff92a78a000 	C:\WINDOWS\WinSxS\amd64_microsoft.windows.common-controls_6595b64144ccf1df_6.0.9600.17031_none_6242a4b3ecbb55a1\COMCTL32.dll
0x00007ff920980000 - 0x00007ff920995000 	C:\Program Files\Java\jdk1.8.0_271\jre\bin\vcruntime140.dll
0x00007ff9257f0000 - 0x00007ff9257f4000 	C:\WINDOWS\SYSTEM32\api-ms-win-crt-runtime-l1-1-0.dll
0x00007ff924fa0000 - 0x00007ff924fa3000 	C:\WINDOWS\SYSTEM32\api-ms-win-crt-heap-l1-1-0.dll
0x00007ff9257c0000 - 0x00007ff9257c4000 	C:\WINDOWS\SYSTEM32\api-ms-win-crt-string-l1-1-0.dll
0x00007ff9257e0000 - 0x00007ff9257e4000 	C:\WINDOWS\SYSTEM32\api-ms-win-crt-stdio-l1-1-0.dll
0x00007ff9257b0000 - 0x00007ff9257b4000 	C:\WINDOWS\SYSTEM32\api-ms-win-crt-convert-l1-1-0.dll
0x00007ff924c60000 - 0x00007ff924d52000 	C:\WINDOWS\SYSTEM32\ucrtbase.DLL
0x00007ff9208e0000 - 0x00007ff92097b000 	C:\Program Files\Java\jdk1.8.0_271\jre\bin\msvcp140.dll
0x00007ff924d80000 - 0x00007ff924d83000 	C:\WINDOWS\SYSTEM32\api-ms-win-crt-locale-l1-1-0.dll
0x00007ff924fc0000 - 0x00007ff924fc5000 	C:\WINDOWS\SYSTEM32\api-ms-win-crt-math-l1-1-0.dll
0x00007ff924d70000 - 0x00007ff924d73000 	C:\WINDOWS\SYSTEM32\api-ms-win-crt-filesystem-l1-1-0.dll
0x00007ff9257d0000 - 0x00007ff9257d3000 	C:\WINDOWS\SYSTEM32\api-ms-win-crt-time-l1-1-0.dll
0x00007ff924fd0000 - 0x00007ff924fd3000 	C:\WINDOWS\SYSTEM32\api-ms-win-crt-environment-l1-1-0.dll
0x00007ff924d90000 - 0x00007ff924d93000 	C:\WINDOWS\SYSTEM32\api-ms-win-crt-utility-l1-1-0.dll
0x000000006c010000 - 0x000000006c87f000 	C:\Program Files\Java\jdk1.8.0_271\jre\bin\server\jvm.dll
0x00007ff925c50000 - 0x00007ff925c59000 	C:\WINDOWS\SYSTEM32\WSOCK32.dll
0x00007ff926f00000 - 0x00007ff926f1f000 	C:\WINDOWS\SYSTEM32\WINMM.dll
0x00007ff925b00000 - 0x00007ff925b0a000 	C:\WINDOWS\SYSTEM32\VERSION.dll
0x00007ff92e830000 - 0x00007ff92e837000 	C:\WINDOWS\system32\PSAPI.DLL
0x00007ff9304a0000 - 0x00007ff9304f8000 	C:\WINDOWS\system32\WS2_32.dll
0x00007ff926ed0000 - 0x00007ff926efa000 	C:\WINDOWS\SYSTEM32\WINMMBASE.dll
0x00007ff92e180000 - 0x00007ff92e189000 	C:\WINDOWS\system32\NSI.dll
0x00007ff92d9f0000 - 0x00007ff92da3a000 	C:\WINDOWS\SYSTEM32\cfgmgr32.dll
0x00007ff92c760000 - 0x00007ff92c786000 	C:\WINDOWS\SYSTEM32\DEVOBJ.dll
0x00007ff9298e0000 - 0x00007ff9298f0000 	C:\Program Files\Java\jdk1.8.0_271\jre\bin\verify.dll
0x00007ff9208b0000 - 0x00007ff9208db000 	C:\Program Files\Java\jdk1.8.0_271\jre\bin\java.dll
0x00007ff918d20000 - 0x00007ff918d50000 	C:\Program Files\Java\jdk1.8.0_271\jre\bin\instrument.dll
0x00007ff91b830000 - 0x00007ff91b848000 	C:\Program Files\Java\jdk1.8.0_271\jre\bin\zip.dll
0x00007ff92c500000 - 0x00007ff92c50a000 	C:\WINDOWS\SYSTEM32\kernel.appcore.dll
0x00007ff9174f0000 - 0x00007ff91750a000 	C:\Program Files\JetBrains\IntelliJ IDEA 2021.2\bin\breakgen64.dll
0x00007ff919b60000 - 0x00007ff919b7c000 	C:\Program Files\Java\jdk1.8.0_271\jre\bin\net.dll
0x00007ff92d130000 - 0x00007ff92d188000 	C:\WINDOWS\system32\mswsock.dll
0x00007ff92d190000 - 0x00007ff92d1ae000 	C:\WINDOWS\SYSTEM32\CRYPTSP.dll
0x00007ff92cdd0000 - 0x00007ff92ce05000 	C:\WINDOWS\system32\rsaenh.dll
0x00007ff92d3c0000 - 0x00007ff92d3e6000 	C:\WINDOWS\SYSTEM32\bcrypt.dll
0x00007ff92d6e0000 - 0x00007ff92d740000 	C:\WINDOWS\system32\bcryptprimitives.dll
0x00007ff92d740000 - 0x00007ff92d74a000 	C:\WINDOWS\SYSTEM32\CRYPTBASE.dll
0x00007ff928ae0000 - 0x00007ff928b09000 	C:\WINDOWS\SYSTEM32\IPHLPAPI.DLL
0x00007ff928ac0000 - 0x00007ff928aca000 	C:\WINDOWS\SYSTEM32\WINNSI.DLL
0x00007ff9285b0000 - 0x00007ff9285c4000 	C:\WINDOWS\SYSTEM32\dhcpcsvc6.DLL
0x00007ff928780000 - 0x00007ff928799000 	C:\WINDOWS\SYSTEM32\dhcpcsvc.DLL
0x00007ff919720000 - 0x00007ff919733000 	C:\Program Files\Java\jdk1.8.0_271\jre\bin\nio.dll
0x00007ff91fa10000 - 0x00007ff91fa1a000 	C:\Users\Виктор\AppData\Local\Temp\jansi-1.17.1-6667121933829965329.dll
0x00007ff914760000 - 0x00007ff91476a000 	C:\Users\Виктор\AppData\Local\Temp\jansi-1.17.1-1720948388143957797.dll
0x00007ff925100000 - 0x00007ff925288000 	C:\WINDOWS\SYSTEM32\dbghelp.dll

VM Arguments:
jvm_args: -Dmaven.multiModuleProjectDirectory=C:\JavaProjects\Cookbook -Dmaven.home=C:\Program Files\JetBrains\IntelliJ IDEA 2021.2\plugins\maven\lib\maven3 -Dclassworlds.conf=C:\Program Files\JetBrains\IntelliJ IDEA 2021.2\plugins\maven\lib\maven3\bin\m2.conf -Dmaven.ext.class.path=C:\Program Files\JetBrains\IntelliJ IDEA 2021.2\plugins\maven\lib\maven-event-listener.jar -javaagent:C:\Program Files\JetBrains\IntelliJ IDEA 2021.2\lib\idea_rt.jar=51379:C:\Program Files\JetBrains\IntelliJ IDEA 2021.2\bin -Dfile.encoding=UTF-8 
java_command: org.codehaus.classworlds.Launcher -Didea.version=2021.2 package
java_class_path (initial): C:\Program Files\JetBrains\IntelliJ IDEA 2021.2\plugins\maven\lib\maven3\boot\plexus-classworlds-2.6.0.jar;C:\Program Files\JetBrains\IntelliJ IDEA 2021.2\plugins\maven\lib\maven3\boot\plexus-classworlds.license;C:\Program Files\JetBrains\IntelliJ IDEA 2021.2\lib\idea_rt.jar
Launcher Type: SUN_STANDARD

Environment Variables:
CLASSPATH=.;..;C:\TIJ4\code;
PATH=C:\Program Files\Java\jdk1.8.0_271\bin;C:\Program Files (x86)\Common Files\Oracle\Java\javapath;C:\Program Files (x86)\Intel\iCLS Client\;C:\Program Files\Intel\iCLS Client\;C:\WINDOWS\system32;C:\WINDOWS;C:\WINDOWS\System32\Wbem;C:\WINDOWS\System32\WindowsPowerShell\v1.0\;C:\Program Files (x86)\Intel\OpenCL SDK\2.0\bin\x86;C:\Program Files (x86)\Intel\OpenCL SDK\2.0\bin\x64;C:\Program Files (x86)\Windows Live\Shared;C:\Program Files\Intel\WiFi\bin\;C:\Program Files\Common Files\Intel\WirelessCommon\;C:\Program Files\Intel\Intel(R) Management Engine Components\DAL;C:\Program Files\Intel\Intel(R) Management Engine Components\IPT;C:\Program Files (x86)\Intel\Intel(R) Management Engine Components\DAL;C:\Program Files (x86)\Intel\Intel(R) Management Engine Components\IPT;C:\Program Files\OpenVPN\bin;C:\Program Files\PuTTY\;C:\Program Files\MySQL\MySQL Shell 8.0\bin\;C:\Program Files\Docker Toolbox
USERNAME=Виктор
OS=Windows_NT
PROCESSOR_IDENTIFIER=Intel64 Family 6 Model 58 Stepping 9, GenuineIntel



---------------  S Y S T E M  ---------------

OS: Windows 8.1 , 64 bit Build 9600 (6.3.9600.17056)

CPU:total 4 (initial active 4) (2 cores per cpu, 2 threads per core) family 6 model 58 stepping 9, cmov, cx8, fxsr, mmx, sse, sse2, sse3, ssse3, sse4.1, sse4.2, popcnt, avx, aes, clmul, erms, ht, tsc, tscinvbit, tscinv

Memory: 4k page, physical 4076136k(136680k free), swap 7686764k(6032k free)

vm_info: Java HotSpot(TM) 64-Bit Server VM (25.271-b09) for windows-amd64 JRE (1.8.0_271-b09), built on Sep 16 2020 19:14:59 by "" with MS VC++ 15.9 (VS2017)

time: Wed Nov 17 16:03:33 2021
timezone: Iineianeia a?aiy (ceia)
elapsed time: 20.528081 seconds (0d 0h 0m 20s)

