#
# There is insufficient memory for the Java Runtime Environment to continue.
# Native memory allocation (malloc) failed to allocate 32744 bytes for ChunkPool::allocate
# Possible reasons:
#   The system is out of physical RAM or swap space
#   The process is running with CompressedOops enabled, and the Java Heap may be blocking the growth of the native heap
# Possible solutions:
#   Reduce memory load on the system
#   Increase physical memory or swap space
#   Check if swap backing store is full
#   Decrease Java heap size (-Xmx/-Xms)
#   Decrease number of Java threads
#   Decrease Java thread stack sizes (-Xss)
#   Set larger code cache with -XX:ReservedCodeCacheSize=
#   JVM is running with Unscaled Compressed Oops mode in which the Java heap is
#     placed in the first 4GB address space. The Java Heap base address is the
#     maximum limit for the native heap growth. Please use -XX:HeapBaseMinAddress
#     to set the Java Heap base and to place the Java Heap above 4GB virtual address.
# This output file may be truncated or incomplete.
#
#  Out of Memory Error (allocation.cpp:272), pid=6876, tid=0x0000000000001fbc
#
# JRE version: Java(TM) SE Runtime Environment (8.0_271-b09) (build 1.8.0_271-b09)
# Java VM: Java HotSpot(TM) 64-Bit Server VM (25.271-b09 mixed mode windows-amd64 compressed oops)
# Failed to write core dump. Minidumps are not enabled by default on client versions of Windows
#

---------------  T H R E A D  ---------------

Current thread (0x000000fd499e8800):  JavaThread "C1 CompilerThread2" daemon [_thread_in_native, id=8124, stack(0x000000fd49d60000,0x000000fd49e60000)]

Stack: [0x000000fd49d60000,0x000000fd49e60000]
Native frames: (J=compiled Java code, j=interpreted, Vv=VM code, C=native code)
V  [jvm.dll+0x33f6c9]


Current CompileTask:
C1:   8580 1921   !   1      
[error occurred during error reporting (printing current compile task), id 0xe0000001]


---------------  P R O C E S S  ---------------

Java Threads: ( => current thread )
  0x000000fd4a5f8800 JavaThread "background-preinit" [_thread_blocked, id=3476, stack(0x000000fd4b840000,0x000000fd4b940000)]
  0x000000fd4a31c800 JavaThread "RMI Scheduler(0)" daemon [_thread_blocked, id=5256, stack(0x000000fd4b340000,0x000000fd4b440000)]
  0x000000fd49f7a000 JavaThread "RMI TCP Connection(1)-192.168.99.1" daemon [_thread_in_native, id=9564, stack(0x000000fd4b040000,0x000000fd4b140000)]
  0x000000fd4a180800 JavaThread "RMI TCP Accept-0" daemon [_thread_in_native, id=9368, stack(0x000000fd4aa60000,0x000000fd4ab60000)]
  0x000000fd499ef800 JavaThread "Service Thread" daemon [_thread_blocked, id=11096, stack(0x000000fd49e60000,0x000000fd49f60000)]
=>0x000000fd499e8800 JavaThread "C1 CompilerThread2" daemon [_thread_in_native, id=8124, stack(0x000000fd49d60000,0x000000fd49e60000)]
  0x000000fd499bf000 JavaThread "C2 CompilerThread1" daemon [_thread_blocked, id=5104, stack(0x000000fd49c60000,0x000000fd49d60000)]
  0x000000fd4998a000 JavaThread "C2 CompilerThread0" daemon [_thread_blocked, id=4444, stack(0x000000fd49b60000,0x000000fd49c60000)]
  0x000000fd49988800 JavaThread "Monitor Ctrl-Break" daemon [_thread_in_native, id=7012, stack(0x000000fd49a60000,0x000000fd49b60000)]
  0x000000fd47e54800 JavaThread "Attach Listener" daemon [_thread_blocked, id=5880, stack(0x000000fd49550000,0x000000fd49650000)]
  0x000000fd47e53800 JavaThread "Signal Dispatcher" daemon [_thread_blocked, id=2708, stack(0x000000fd49450000,0x000000fd49550000)]
  0x000000fd47e21800 JavaThread "Finalizer" daemon [_thread_blocked, id=9736, stack(0x000000fd49130000,0x000000fd49230000)]
  0x000000fd47e17800 JavaThread "Reference Handler" daemon [_thread_blocked, id=1068, stack(0x000000fd49030000,0x000000fd49130000)]
  0x000000fd33de4000 JavaThread "main" [_thread_blocked, id=10420, stack(0x000000fd33fa0000,0x000000fd340a0000)]

Other Threads:
  0x000000fd47def000 VMThread [stack: 0x000000fd48f30000,0x000000fd49030000] [id=96]
  0x000000fd4a18f000 WatcherThread [stack: 0x000000fd4ab60000,0x000000fd4ac60000] [id=6820]

VM state:at safepoint (normal execution)

VM Mutex/Monitor currently owned by a thread:  ([mutex/lock_event])
[0x000000fd33de2ea0] Threads_lock - owner thread: 0x000000fd47def000
[0x000000fd33de33a0] Heap_lock - owner thread: 0x000000fd4a5f8800

heap address: 0x00000000c1c00000, size: 996 MB, Compressed Oops mode: 32-bit
Narrow klass base: 0x0000000000000000, Narrow klass shift: 3
Compressed class space size: 1073741824 Address: 0x0000000100000000

Heap:
 PSYoungGen      total 18944K, used 2413K [0x00000000eb400000, 0x00000000ec900000, 0x0000000100000000)
  eden space 16384K, 14% used [0x00000000eb400000,0x00000000eb65b760,0x00000000ec400000)
  from space 2560K, 0% used [0x00000000ec400000,0x00000000ec400000,0x00000000ec680000)
  to   space 2560K, 7% used [0x00000000ec680000,0x00000000ec6b0000,0x00000000ec900000)
 ParOldGen       total 31232K, used 7286K [0x00000000c1c00000, 0x00000000c3a80000, 0x00000000eb400000)
  object space 31232K, 23% used [0x00000000c1c00000,0x00000000c231db80,0x00000000c3a80000)
 Metaspace       used 22211K, capacity 23202K, committed 23296K, reserved 1077248K
  class space    used 3025K, capacity 3269K, committed 3328K, reserved 1048576K

Card table byte_map: [0x000000fd44bb0000,0x000000fd44db0000] byte_map_base: 0x000000fd445a2000

Marking Bits: (ParMarkBitMap*) 0x0000000059937fe0
 Begin Bits: [0x000000fd45300000, 0x000000fd46290000)
 End Bits:   [0x000000fd46290000, 0x000000fd47220000)

Polling page: 0x000000fd33f70000

CodeCache: size=245760Kb used=4015Kb max_used=4015Kb free=241744Kb
 bounds [0x000000fd357f0000, 0x000000fd35be0000, 0x000000fd447f0000]
 total_blobs=2325 nmethods=1920 adapters=317
 compilation: enabled

Compilation events (10 events):
Event: 8.552 Thread 0x000000fd499e8800 nmethod 1918 0x000000fd35bdab10 code [0x000000fd35bdacc0, 0x000000fd35bdafa0]
Event: 8.552 Thread 0x000000fd499e8800 1915       1       org.apache.commons.logging.LogFactory::getLog (5 bytes)
Event: 8.552 Thread 0x000000fd499e8800 nmethod 1915 0x000000fd35bdb150 code [0x000000fd35bdb2a0, 0x000000fd35bdb3b0]
Event: 8.552 Thread 0x000000fd499e8800 1914       1       sun.net.www.protocol.file.Handler::createFileURLConnection (10 bytes)
Event: 8.552 Thread 0x000000fd499e8800 nmethod 1914 0x000000fd35bdb450 code [0x000000fd35bdb5c0, 0x000000fd35bdb750]
Event: 8.552 Thread 0x000000fd499e8800 1919       1       org.springframework.core.convert.TypeDescriptor::getType (5 bytes)
Event: 8.553 Thread 0x000000fd499e8800 nmethod 1919 0x000000fd35bdb810 code [0x000000fd35bdb960, 0x000000fd35bdba78]
Event: 8.553 Thread 0x000000fd499e8800 1920       1       org.springframework.core.type.classreading.SimpleAnnotationMetadata::getSuperClassName (5 bytes)
Event: 8.553 Thread 0x000000fd499e8800 nmethod 1920 0x000000fd35bdbad0 code [0x000000fd35bdbc20, 0x000000fd35bdbd38]
Event: 8.555 Thread 0x000000fd499e8800 1921   !   1       java.io.WinNTFileSystem::resolve (362 bytes)

GC Heap History (10 events):
Event: 7.710 GC heap before
{Heap before GC invocations=11 (full 1):
 PSYoungGen      total 18944K, used 17415K [0x00000000eb400000, 0x00000000ec900000, 0x0000000100000000)
  eden space 16384K, 99% used [0x00000000eb400000,0x00000000ec3fcb00,0x00000000ec400000)
  from space 2560K, 40% used [0x00000000ec400000,0x00000000ec505130,0x00000000ec680000)
  to   space 2560K, 0% used [0x00000000ec680000,0x00000000ec680000,0x00000000ec900000)
 ParOldGen       total 31232K, used 6820K [0x00000000c1c00000, 0x00000000c3a80000, 0x00000000eb400000)
  object space 31232K, 21% used [0x00000000c1c00000,0x00000000c22a93d8,0x00000000c3a80000)
 Metaspace       used 19256K, capacity 20166K, committed 20352K, reserved 1067008K
  class space    used 2651K, capacity 2867K, committed 2944K, reserved 1048576K
Event: 7.720 GC heap after
Heap after GC invocations=11 (full 1):
 PSYoungGen      total 18944K, used 263K [0x00000000eb400000, 0x00000000ec900000, 0x0000000100000000)
  eden space 16384K, 0% used [0x00000000eb400000,0x00000000eb400000,0x00000000ec400000)
  from space 2560K, 10% used [0x00000000ec680000,0x00000000ec6c1d50,0x00000000ec900000)
  to   space 2560K, 0% used [0x00000000ec400000,0x00000000ec400000,0x00000000ec680000)
 ParOldGen       total 31232K, used 7699K [0x00000000c1c00000, 0x00000000c3a80000, 0x00000000eb400000)
  object space 31232K, 24% used [0x00000000c1c00000,0x00000000c2384c08,0x00000000c3a80000)
 Metaspace       used 19256K, capacity 20166K, committed 20352K, reserved 1067008K
  class space    used 2651K, capacity 2867K, committed 2944K, reserved 1048576K
}
Event: 8.042 GC heap before
{Heap before GC invocations=12 (full 1):
 PSYoungGen      total 18944K, used 16647K [0x00000000eb400000, 0x00000000ec900000, 0x0000000100000000)
  eden space 16384K, 100% used [0x00000000eb400000,0x00000000ec400000,0x00000000ec400000)
  from space 2560K, 10% used [0x00000000ec680000,0x00000000ec6c1d50,0x00000000ec900000)
  to   space 2560K, 0% used [0x00000000ec400000,0x00000000ec400000,0x00000000ec680000)
 ParOldGen       total 31232K, used 7699K [0x00000000c1c00000, 0x00000000c3a80000, 0x00000000eb400000)
  object space 31232K, 24% used [0x00000000c1c00000,0x00000000c2384c08,0x00000000c3a80000)
 Metaspace       used 20341K, capacity 21242K, committed 21504K, reserved 1069056K
  class space    used 2779K, capacity 2971K, committed 3072K, reserved 1048576K
Event: 8.048 GC heap after
Heap after GC invocations=12 (full 1):
 PSYoungGen      total 18944K, used 1653K [0x00000000eb400000, 0x00000000ec900000, 0x0000000100000000)
  eden space 16384K, 0% used [0x00000000eb400000,0x00000000eb400000,0x00000000ec400000)
  from space 2560K, 64% used [0x00000000ec400000,0x00000000ec59d4e0,0x00000000ec680000)
  to   space 2560K, 0% used [0x00000000ec680000,0x00000000ec680000,0x00000000ec900000)
 ParOldGen       total 31232K, used 7882K [0x00000000c1c00000, 0x00000000c3a80000, 0x00000000eb400000)
  object space 31232K, 25% used [0x00000000c1c00000,0x00000000c23b2958,0x00000000c3a80000)
 Metaspace       used 20341K, capacity 21242K, committed 21504K, reserved 1069056K
  class space    used 2779K, capacity 2971K, committed 3072K, reserved 1048576K
}
Event: 8.348 GC heap before
{Heap before GC invocations=13 (full 1):
 PSYoungGen      total 18944K, used 18037K [0x00000000eb400000, 0x00000000ec900000, 0x0000000100000000)
  eden space 16384K, 100% used [0x00000000eb400000,0x00000000ec400000,0x00000000ec400000)
  from space 2560K, 64% used [0x00000000ec400000,0x00000000ec59d4e0,0x00000000ec680000)
  to   space 2560K, 0% used [0x00000000ec680000,0x00000000ec680000,0x00000000ec900000)
 ParOldGen       total 31232K, used 7882K [0x00000000c1c00000, 0x00000000c3a80000, 0x00000000eb400000)
  object space 31232K, 25% used [0x00000000c1c00000,0x00000000c23b2958,0x00000000c3a80000)
 Metaspace       used 21702K, capacity 22682K, committed 23040K, reserved 1069056K
  class space    used 2958K, capacity 3203K, committed 3328K, reserved 1048576K
Event: 8.353 GC heap after
Heap after GC invocations=13 (full 1):
 PSYoungGen      total 18944K, used 2100K [0x00000000eb400000, 0x00000000ec900000, 0x0000000100000000)
  eden space 16384K, 0% used [0x00000000eb400000,0x00000000eb400000,0x00000000ec400000)
  from space 2560K, 82% used [0x00000000ec680000,0x00000000ec88d1b8,0x00000000ec900000)
  to   space 2560K, 0% used [0x00000000ec400000,0x00000000ec400000,0x00000000ec680000)
 ParOldGen       total 31232K, used 8456K [0x00000000c1c00000, 0x00000000c3a80000, 0x00000000eb400000)
  object space 31232K, 27% used [0x00000000c1c00000,0x00000000c2442168,0x00000000c3a80000)
 Metaspace       used 21702K, capacity 22682K, committed 23040K, reserved 1069056K
  class space    used 2958K, capacity 3203K, committed 3328K, reserved 1048576K
}
Event: 8.398 GC heap before
{Heap before GC invocations=14 (full 1):
 PSYoungGen      total 18944K, used 4797K [0x00000000eb400000, 0x00000000ec900000, 0x0000000100000000)
  eden space 16384K, 16% used [0x00000000eb400000,0x00000000eb6a2408,0x00000000ec400000)
  from space 2560K, 82% used [0x00000000ec680000,0x00000000ec88d1b8,0x00000000ec900000)
  to   space 2560K, 0% used [0x00000000ec400000,0x00000000ec400000,0x00000000ec680000)
 ParOldGen       total 31232K, used 8456K [0x00000000c1c00000, 0x00000000c3a80000, 0x00000000eb400000)
  object space 31232K, 27% used [0x00000000c1c00000,0x00000000c2442168,0x00000000c3a80000)
 Metaspace       used 21969K, capacity 22946K, committed 23040K, reserved 1073152K
  class space    used 2994K, capacity 3251K, committed 3328K, reserved 1048576K
Event: 8.403 GC heap after
Heap after GC invocations=14 (full 1):
 PSYoungGen      total 18944K, used 448K [0x00000000eb400000, 0x00000000ec900000, 0x0000000100000000)
  eden space 16384K, 0% used [0x00000000eb400000,0x00000000eb400000,0x00000000ec400000)
  from space 2560K, 17% used [0x00000000ec400000,0x00000000ec470000,0x00000000ec680000)
  to   space 2560K, 0% used [0x00000000ec680000,0x00000000ec680000,0x00000000ec900000)
 ParOldGen       total 31232K, used 9175K [0x00000000c1c00000, 0x00000000c3a80000, 0x00000000eb400000)
  object space 31232K, 29% used [0x00000000c1c00000,0x00000000c24f5cb0,0x00000000c3a80000)
 Metaspace       used 21969K, capacity 22946K, committed 23040K, reserved 1073152K
  class space    used 2994K, capacity 3251K, committed 3328K, reserved 1048576K
}
Event: 8.403 GC heap before
{Heap before GC invocations=15 (full 2):
 PSYoungGen      total 18944K, used 448K [0x00000000eb400000, 0x00000000ec900000, 0x0000000100000000)
  eden space 16384K, 0% used [0x00000000eb400000,0x00000000eb400000,0x00000000ec400000)
  from space 2560K, 17% used [0x00000000ec400000,0x00000000ec470000,0x00000000ec680000)
  to   space 2560K, 0% used [0x00000000ec680000,0x00000000ec680000,0x00000000ec900000)
 ParOldGen       total 31232K, used 9175K [0x00000000c1c00000, 0x00000000c3a80000, 0x00000000eb400000)
  object space 31232K, 29% used [0x00000000c1c00000,0x00000000c24f5cb0,0x00000000c3a80000)
 Metaspace       used 21969K, capacity 22946K, committed 23040K, reserved 1073152K
  class space    used 2994K, capacity 3251K, committed 3328K, reserved 1048576K
Event: 8.515 GC heap after
Heap after GC invocations=15 (full 2):
 PSYoungGen      total 18944K, used 0K [0x00000000eb400000, 0x00000000ec900000, 0x0000000100000000)
  eden space 16384K, 0% used [0x00000000eb400000,0x00000000eb400000,0x00000000ec400000)
  from space 2560K, 0% used [0x00000000ec400000,0x00000000ec400000,0x00000000ec680000)
  to   space 2560K, 0% used [0x00000000ec680000,0x00000000ec680000,0x00000000ec900000)
 ParOldGen       total 31232K, used 7278K [0x00000000c1c00000, 0x00000000c3a80000, 0x00000000eb400000)
  object space 31232K, 23% used [0x00000000c1c00000,0x00000000c231bb80,0x00000000c3a80000)
 Metaspace       used 21969K, capacity 22946K, committed 23040K, reserved 1071104K
  class space    used 2994K, capacity 3251K, committed 3328K, reserved 1048576K
}

Deoptimization events (0 events):
No events

Classes redefined (0 events):
No events

Internal exceptions (10 events):
Event: 7.934 Thread 0x000000fd4a5f8800 Exception <a 'java/lang/ArrayIndexOutOfBoundsException'> (0x00000000ebc967b0) thrown at [C:\jenkins\workspace\8-2-build-windows-amd64-cygwin\jdk8u271\605\hotspot\src\share\vm\runtime\sharedRuntime.cpp, line 609]
Event: 7.936 Thread 0x000000fd4a5f8800 Exception <a 'java/lang/ArrayIndexOutOfBoundsException'> (0x00000000ebd07880) thrown at [C:\jenkins\workspace\8-2-build-windows-amd64-cygwin\jdk8u271\605\hotspot\src\share\vm\runtime\sharedRuntime.cpp, line 609]
Event: 7.941 Thread 0x000000fd4a5f8800 Exception <a 'java/lang/ArrayIndexOutOfBoundsException'> (0x00000000ebd36630) thrown at [C:\jenkins\workspace\8-2-build-windows-amd64-cygwin\jdk8u271\605\hotspot\src\share\vm\runtime\sharedRuntime.cpp, line 609]
Event: 7.945 Thread 0x000000fd4a5f8800 Exception <a 'java/lang/ArrayIndexOutOfBoundsException'> (0x00000000ebd53670) thrown at [C:\jenkins\workspace\8-2-build-windows-amd64-cygwin\jdk8u271\605\hotspot\src\share\vm\runtime\sharedRuntime.cpp, line 609]
Event: 8.034 Thread 0x000000fd33de4000 Exception <a 'java/lang/IncompatibleClassChangeError': Found class java.lang.Object, but interface was expected> (0x00000000ec27b9b8) thrown at [C:\jenkins\workspace\8-2-build-windows-amd64-cygwin\jdk8u271\605\hotspot\src\share\vm\interpreter\linkResolver
Event: 8.080 Thread 0x000000fd4a5f8800 Exception <a 'java/lang/ArrayIndexOutOfBoundsException'> (0x00000000eb6890f0) thrown at [C:\jenkins\workspace\8-2-build-windows-amd64-cygwin\jdk8u271\605\hotspot\src\share\vm\runtime\sharedRuntime.cpp, line 609]
Event: 8.085 Thread 0x000000fd4a5f8800 Exception <a 'java/lang/ArrayIndexOutOfBoundsException'> (0x00000000eb7143f0) thrown at [C:\jenkins\workspace\8-2-build-windows-amd64-cygwin\jdk8u271\605\hotspot\src\share\vm\runtime\sharedRuntime.cpp, line 609]
Event: 8.115 Thread 0x000000fd33de4000 Exception <a 'java/lang/NoSuchMethodError': java.lang.Object.lambda$getAllAnnotationAttributes$0(Lorg/springframework/util/MultiValueMap;)Lorg/springframework/util/MultiValueMap;> (0x00000000eb93ef70) thrown at [C:\jenkins\workspace\8-2-build-windows-amd6
Event: 8.116 Thread 0x000000fd33de4000 Exception <a 'java/lang/NoSuchMethodError': java.lang.Object.lambda$identity$2(Ljava/lang/Object;)Ljava/lang/Object;> (0x00000000eb954c30) thrown at [C:\jenkins\workspace\8-2-build-windows-amd64-cygwin\jdk8u271\605\hotspot\src\share\vm\interpreter\linkRes
Event: 8.369 Thread 0x000000fd49f7a000 Exception <a 'java/lang/reflect/InvocationTargetException'> (0x00000000eb535c00) thrown at [C:\jenkins\workspace\8-2-build-windows-amd64-cygwin\jdk8u271\605\hotspot\src\share\vm\runtime\reflection.cpp, line 1092]

Events (10 events):
Event: 8.543 loading class com/fasterxml/jackson/databind/SerializationFeature
Event: 8.543 loading class com/fasterxml/jackson/databind/SerializationFeature done
Event: 8.544 loading class com/fasterxml/jackson/databind/cfg/ContextAttributes
Event: 8.544 loading class com/fasterxml/jackson/databind/cfg/ContextAttributes done
Event: 8.544 loading class com/fasterxml/jackson/databind/cfg/ContextAttributes$Impl
Event: 8.544 loading class com/fasterxml/jackson/databind/cfg/ContextAttributes$Impl done
Event: 8.545 loading class org/webjars/WebJarAssetLocator
Event: 8.545 loading class org/webjars/WebJarAssetLocator done
Event: 8.545 loading class org/webjars$WebJarAssetLocator
Event: 8.545 loading class org/webjars$WebJarAssetLocator done


Dynamic libraries:
0x00007ff6d6a20000 - 0x00007ff6d6a67000 	C:\Program Files\Java\jdk1.8.0_271\bin\java.exe
0x00007ffbf91f0000 - 0x00007ffbf939a000 	C:\WINDOWS\SYSTEM32\ntdll.dll
0x00007ffbf8ad0000 - 0x00007ffbf8c0a000 	C:\WINDOWS\system32\KERNEL32.DLL
0x00007ffbf6960000 - 0x00007ffbf6a6f000 	C:\WINDOWS\system32\KERNELBASE.dll
0x00007ffbf51a0000 - 0x00007ffbf5228000 	C:\WINDOWS\system32\apphelp.dll
0x00007ffbe1c20000 - 0x00007ffbe1c6f000 	C:\WINDOWS\AppPatch\AppPatch64\AcGenral.DLL
0x00007ffbf8eb0000 - 0x00007ffbf8f57000 	C:\WINDOWS\system32\msvcrt.dll
0x00007ffbf63a0000 - 0x00007ffbf63cb000 	C:\WINDOWS\SYSTEM32\SspiCli.dll
0x00007ffbf6c60000 - 0x00007ffbf6cb1000 	C:\WINDOWS\system32\SHLWAPI.dll
0x00007ffbf8950000 - 0x00007ffbf8ac1000 	C:\WINDOWS\system32\USER32.dll
0x00007ffbf86b0000 - 0x00007ffbf8828000 	C:\WINDOWS\system32\ole32.dll
0x00007ffbf70f0000 - 0x00007ffbf8507000 	C:\WINDOWS\system32\SHELL32.dll
0x00007ffbf5b70000 - 0x00007ffbf5b8e000 	C:\WINDOWS\SYSTEM32\USERENV.dll
0x00007ffbf8830000 - 0x00007ffbf88d5000 	C:\WINDOWS\system32\ADVAPI32.dll
0x00007ffbe9f60000 - 0x00007ffbe9f7b000 	C:\WINDOWS\SYSTEM32\MPR.dll
0x00007ffbf6ea0000 - 0x00007ffbf6fd6000 	C:\WINDOWS\system32\RPCRT4.dll
0x00007ffbf8650000 - 0x00007ffbf86a7000 	C:\WINDOWS\SYSTEM32\sechost.dll
0x00007ffbf6cc0000 - 0x00007ffbf6e96000 	C:\WINDOWS\SYSTEM32\combase.dll
0x00007ffbf8c40000 - 0x00007ffbf8d85000 	C:\WINDOWS\system32\GDI32.dll
0x00007ffbf6560000 - 0x00007ffbf6574000 	C:\WINDOWS\SYSTEM32\profapi.dll
0x00007ffbf4bc0000 - 0x00007ffbf4c5f000 	C:\WINDOWS\SYSTEM32\SHCORE.dll
0x00007ffbf6c20000 - 0x00007ffbf6c54000 	C:\WINDOWS\system32\IMM32.DLL
0x00007ffbf8510000 - 0x00007ffbf8649000 	C:\WINDOWS\system32\MSCTF.dll
0x00007ffbf3410000 - 0x00007ffbf366a000 	C:\WINDOWS\WinSxS\amd64_microsoft.windows.common-controls_6595b64144ccf1df_6.0.9600.17031_none_6242a4b3ecbb55a1\COMCTL32.dll
0x00007ffbe5c30000 - 0x00007ffbe5c45000 	C:\Program Files\Java\jdk1.8.0_271\jre\bin\vcruntime140.dll
0x00007ffbee090000 - 0x00007ffbee094000 	C:\WINDOWS\SYSTEM32\api-ms-win-crt-runtime-l1-1-0.dll
0x00007ffbee040000 - 0x00007ffbee043000 	C:\WINDOWS\SYSTEM32\api-ms-win-crt-heap-l1-1-0.dll
0x00007ffbedfe0000 - 0x00007ffbedfe4000 	C:\WINDOWS\SYSTEM32\api-ms-win-crt-string-l1-1-0.dll
0x00007ffbee000000 - 0x00007ffbee004000 	C:\WINDOWS\SYSTEM32\api-ms-win-crt-stdio-l1-1-0.dll
0x00007ffbee080000 - 0x00007ffbee084000 	C:\WINDOWS\SYSTEM32\api-ms-win-crt-convert-l1-1-0.dll
0x00007ffbedbb0000 - 0x00007ffbedca2000 	C:\WINDOWS\SYSTEM32\ucrtbase.DLL
0x00007ffbe0140000 - 0x00007ffbe01db000 	C:\Program Files\Java\jdk1.8.0_271\jre\bin\msvcp140.dll
0x00007ffbee030000 - 0x00007ffbee033000 	C:\WINDOWS\SYSTEM32\api-ms-win-crt-locale-l1-1-0.dll
0x00007ffbee060000 - 0x00007ffbee065000 	C:\WINDOWS\SYSTEM32\api-ms-win-crt-math-l1-1-0.dll
0x00007ffbee010000 - 0x00007ffbee013000 	C:\WINDOWS\SYSTEM32\api-ms-win-crt-filesystem-l1-1-0.dll
0x00007ffbedff0000 - 0x00007ffbedff3000 	C:\WINDOWS\SYSTEM32\api-ms-win-crt-time-l1-1-0.dll
0x00007ffbee070000 - 0x00007ffbee073000 	C:\WINDOWS\SYSTEM32\api-ms-win-crt-environment-l1-1-0.dll
0x00007ffbee020000 - 0x00007ffbee023000 	C:\WINDOWS\SYSTEM32\api-ms-win-crt-utility-l1-1-0.dll
0x0000000059140000 - 0x00000000599af000 	C:\Program Files\Java\jdk1.8.0_271\jre\bin\server\jvm.dll
0x00007ffbeef20000 - 0x00007ffbeef29000 	C:\WINDOWS\SYSTEM32\WSOCK32.dll
0x00007ffbefdf0000 - 0x00007ffbefe0f000 	C:\WINDOWS\SYSTEM32\WINMM.dll
0x00007ffbeeac0000 - 0x00007ffbeeaca000 	C:\WINDOWS\SYSTEM32\VERSION.dll
0x00007ffbf8c10000 - 0x00007ffbf8c17000 	C:\WINDOWS\system32\PSAPI.DLL
0x00007ffbf6ff0000 - 0x00007ffbf7048000 	C:\WINDOWS\system32\WS2_32.dll
0x00007ffbefdc0000 - 0x00007ffbefdea000 	C:\WINDOWS\SYSTEM32\WINMMBASE.dll
0x00007ffbf6a70000 - 0x00007ffbf6a79000 	C:\WINDOWS\system32\NSI.dll
0x00007ffbf6630000 - 0x00007ffbf667a000 	C:\WINDOWS\SYSTEM32\cfgmgr32.dll
0x00007ffbf53f0000 - 0x00007ffbf5416000 	C:\WINDOWS\SYSTEM32\DEVOBJ.dll
0x00007ffbf4840000 - 0x00007ffbf4850000 	C:\Program Files\Java\jdk1.8.0_271\jre\bin\verify.dll
0x00007ffbe3da0000 - 0x00007ffbe3dcb000 	C:\Program Files\Java\jdk1.8.0_271\jre\bin\java.dll
0x00007ffbe1bf0000 - 0x00007ffbe1c20000 	C:\Program Files\Java\jdk1.8.0_271\jre\bin\instrument.dll
0x00007ffbe39e0000 - 0x00007ffbe39f8000 	C:\Program Files\Java\jdk1.8.0_271\jre\bin\zip.dll
0x00007ffbf5190000 - 0x00007ffbf519a000 	C:\WINDOWS\SYSTEM32\kernel.appcore.dll
0x00007ffbe1610000 - 0x00007ffbe162a000 	C:\Program Files\JetBrains\IntelliJ IDEA 2021.2\bin\breakgen64.dll
0x00007ffbe3330000 - 0x00007ffbe334c000 	C:\Program Files\Java\jdk1.8.0_271\jre\bin\net.dll
0x00007ffbf5e20000 - 0x00007ffbf5e78000 	C:\WINDOWS\system32\mswsock.dll
0x00007ffbf5bd0000 - 0x00007ffbf5c73000 	C:\WINDOWS\SYSTEM32\DNSAPI.dll
0x00007ffbecd40000 - 0x00007ffbecd49000 	C:\Windows\System32\rasadhlp.dll
0x00007ffbf12f0000 - 0x00007ffbf1358000 	C:\WINDOWS\System32\fwpuclnt.dll
0x00007ffbedad0000 - 0x00007ffbedadd000 	C:\Program Files\Java\jdk1.8.0_271\jre\bin\management.dll
0x00007ffbe1630000 - 0x00007ffbe1643000 	C:\Program Files\Java\jdk1.8.0_271\jre\bin\nio.dll
0x00007ffbf5e80000 - 0x00007ffbf5e9e000 	C:\WINDOWS\SYSTEM32\CRYPTSP.dll
0x00007ffbf5a60000 - 0x00007ffbf5a95000 	C:\WINDOWS\system32\rsaenh.dll
0x00007ffbf60b0000 - 0x00007ffbf60d6000 	C:\WINDOWS\SYSTEM32\bcrypt.dll
0x00007ffbf63d0000 - 0x00007ffbf6430000 	C:\WINDOWS\system32\bcryptprimitives.dll
0x00007ffbf6430000 - 0x00007ffbf643a000 	C:\WINDOWS\SYSTEM32\CRYPTBASE.dll
0x00007ffbf1730000 - 0x00007ffbf1759000 	C:\WINDOWS\SYSTEM32\IPHLPAPI.DLL
0x00007ffbf1710000 - 0x00007ffbf171a000 	C:\WINDOWS\SYSTEM32\WINNSI.DLL
0x00007ffbf17a0000 - 0x00007ffbf17b4000 	C:\WINDOWS\SYSTEM32\dhcpcsvc6.DLL
0x00007ffbf17c0000 - 0x00007ffbf17d9000 	C:\WINDOWS\SYSTEM32\dhcpcsvc.DLL
0x00007ffbed080000 - 0x00007ffbed094000 	C:\WINDOWS\system32\napinsp.dll
0x00007ffbed060000 - 0x00007ffbed079000 	C:\WINDOWS\system32\pnrpnsp.dll
0x00007ffbf3190000 - 0x00007ffbf31a9000 	C:\WINDOWS\system32\NLAapi.dll
0x00007ffbed050000 - 0x00007ffbed05c000 	C:\WINDOWS\System32\winrnr.dll
0x00007ffbed030000 - 0x00007ffbed043000 	C:\WINDOWS\system32\wshbth.dll
0x00007ffbee0d0000 - 0x00007ffbee258000 	C:\WINDOWS\SYSTEM32\dbghelp.dll

VM Arguments:
jvm_args: -XX:TieredStopAtLevel=1 -Xverify:none -Dspring.output.ansi.enabled=always -javaagent:C:\Program Files\JetBrains\IntelliJ IDEA 2021.2\lib\idea_rt.jar=53593:C:\Program Files\JetBrains\IntelliJ IDEA 2021.2\bin -Dcom.sun.management.jmxremote -Dspring.jmx.enabled=true -Dspring.liveBeansView.mbeanDomain -Dspring.application.admin.enabled=true -Dfile.encoding=UTF-8 
java_command: ru.geekbrains.cookbook.CookbookApplication
java_class_path (initial): C:\Program Files\Java\jdk1.8.0_271\jre\lib\charsets.jar;C:\Program Files\Java\jdk1.8.0_271\jre\lib\deploy.jar;C:\Program Files\Java\jdk1.8.0_271\jre\lib\ext\access-bridge-64.jar;C:\Program Files\Java\jdk1.8.0_271\jre\lib\ext\cldrdata.jar;C:\Program Files\Java\jdk1.8.0_271\jre\lib\ext\dnsns.jar;C:\Program Files\Java\jdk1.8.0_271\jre\lib\ext\jaccess.jar;C:\Program Files\Java\jdk1.8.0_271\jre\lib\ext\jfxrt.jar;C:\Program Files\Java\jdk1.8.0_271\jre\lib\ext\localedata.jar;C:\Program Files\Java\jdk1.8.0_271\jre\lib\ext\nashorn.jar;C:\Program Files\Java\jdk1.8.0_271\jre\lib\ext\sunec.jar;C:\Program Files\Java\jdk1.8.0_271\jre\lib\ext\sunjce_provider.jar;C:\Program Files\Java\jdk1.8.0_271\jre\lib\ext\sunmscapi.jar;C:\Program Files\Java\jdk1.8.0_271\jre\lib\ext\sunpkcs11.jar;C:\Program Files\Java\jdk1.8.0_271\jre\lib\ext\zipfs.jar;C:\Program Files\Java\jdk1.8.0_271\jre\lib\javaws.jar;C:\Program Files\Java\jdk1.8.0_271\jre\lib\jce.jar;C:\Program Files\Java\jdk1.8.0_271\jre\lib\jfr.jar;C:\Program Files\Java\jdk1.8.0_271\jre\lib\jfxswt.jar;C:\Program Files\Java\jdk1.8.0_271\jre\lib\jsse.jar;C:\Program Files\Java\jdk1.8.0_271\jre\lib\management-agent.jar;C:\Program Files\Java\jdk1.8.0_271\jre\lib\plugin.jar;C:\Program Files\Java\jdk1.8.0_271\jre\lib\resources.jar;C:\Program Files\Java\jdk1.8.0_271\jre\lib\rt.jar;C:\JavaProjects\Cookbook\target\classes;C:\Users\Виктор\.m2\repository\org\springframework\boot\spring-boot-starter-web\2.5.6\spring-boot-starter-web-2.5.6.jar;C:\Users\Виктор\.m2\repository\org\springframework\boot\spring-boot-starter\2.5.6\spring-boot-starter-2.5.6.jar;C:\Users\Виктор\.m2\repository\org\springframework\boot\spring-boot\2.5.6\spring-boot-2.5.6.jar;C:\Users\Виктор\.m2\repository\org\springframework\boot\spring-boot-autoconfigure\2.5.6\spring-boot-autoconfigure-2.5.6.jar;C:\Users\Виктор\.m2\repository\org\springframework\boot\spring-boot-starter-logging\2.5.6\spring-boot-starter-logging-2.5.6.jar;C:\Users\Виктор\.m2\repositor
Launcher Type: SUN_STANDARD

Environment Variables:
CLASSPATH=.;..;C:\TIJ4\code;
PATH=C:\Program Files\Java\jdk1.8.0_271\bin;C:\Program Files (x86)\Common Files\Oracle\Java\javapath;C:\Program Files (x86)\Intel\iCLS Client\;C:\Program Files\Intel\iCLS Client\;C:\WINDOWS\system32;C:\WINDOWS;C:\WINDOWS\System32\Wbem;C:\WINDOWS\System32\WindowsPowerShell\v1.0\;C:\Program Files (x86)\Intel\OpenCL SDK\2.0\bin\x86;C:\Program Files (x86)\Intel\OpenCL SDK\2.0\bin\x64;C:\Program Files (x86)\Windows Live\Shared;C:\Program Files\Intel\WiFi\bin\;C:\Program Files\Common Files\Intel\WirelessCommon\;C:\Program Files\Intel\Intel(R) Management Engine Components\DAL;C:\Program Files\Intel\Intel(R) Management Engine Components\IPT;C:\Program Files (x86)\Intel\Intel(R) Management Engine Components\DAL;C:\Program Files (x86)\Intel\Intel(R) Management Engine Components\IPT;C:\Program Files\OpenVPN\bin;C:\Program Files\PuTTY\;C:\Program Files\MySQL\MySQL Shell 8.0\bin\;C:\Program Files\Docker Toolbox
USERNAME=Виктор
OS=Windows_NT
PROCESSOR_IDENTIFIER=Intel64 Family 6 Model 58 Stepping 9, GenuineIntel



---------------  S Y S T E M  ---------------

OS: Windows 8.1 , 64 bit Build 9600 (6.3.9600.17056)

CPU:total 4 (initial active 4) (2 cores per cpu, 2 threads per core) family 6 model 58 stepping 9, cmov, cx8, fxsr, mmx, sse, sse2, sse3, ssse3, sse4.1, sse4.2, popcnt, avx, aes, clmul, erms, ht, tsc, tscinvbit, tscinv

Memory: 4k page, physical 4076136k(144704k free), swap 7686764k(4628k free)

vm_info: Java HotSpot(TM) 64-Bit Server VM (25.271-b09) for windows-amd64 JRE (1.8.0_271-b09), built on Sep 16 2020 19:14:59 by "" with MS VC++ 15.9 (VS2017)

time: Thu Nov 11 23:13:06 2021
timezone: Iineianeia a?aiy (ceia)
elapsed time: 8.584533 seconds (0d 0h 0m 8s)

