#
# There is insufficient memory for the Java Runtime Environment to continue.
# Native memory allocation (malloc) failed to allocate 373936 bytes for Chunk::new
# Possible reasons:
#   The system is out of physical RAM or swap space
#   The process is running with CompressedOops enabled, and the Java Heap may be blocking the growth of the native heap
# Possible solutions:
#   Reduce memory load on the system
#   Increase physical memory or swap space
#   Check if swap backing store is full
#   Decrease Java heap size (-Xmx/-Xms)
#   Decrease number of Java threads
#   Decrease Java thread stack sizes (-Xss)
#   Set larger code cache with -XX:ReservedCodeCacheSize=
#   JVM is running with Unscaled Compressed Oops mode in which the Java heap is
#     placed in the first 4GB address space. The Java Heap base address is the
#     maximum limit for the native heap growth. Please use -XX:HeapBaseMinAddress
#     to set the Java Heap base and to place the Java Heap above 4GB virtual address.
# This output file may be truncated or incomplete.
#
#  Out of Memory Error (allocation.cpp:389), pid=8588, tid=0x0000000000000408
#
# JRE version: Java(TM) SE Runtime Environment (8.0_271-b09) (build 1.8.0_271-b09)
# Java VM: Java HotSpot(TM) 64-Bit Server VM (25.271-b09 mixed mode windows-amd64 compressed oops)
# Failed to write core dump. Minidumps are not enabled by default on client versions of Windows
#

---------------  T H R E A D  ---------------

Current thread (0x0000002ba6152000):  JavaThread "C2 CompilerThread1" daemon [_thread_in_native, id=1032, stack(0x0000002ba7490000,0x0000002ba7590000)]

Stack: [0x0000002ba7490000,0x0000002ba7590000]
Native frames: (J=compiled Java code, j=interpreted, Vv=VM code, C=native code)
V  [jvm.dll+0x33f6c9]
V  [jvm.dll+0x286122]
V  [jvm.dll+0x286dcd]
V  [jvm.dll+0x27d805]
V  [jvm.dll+0xe574c]
V  [jvm.dll+0xe5f4c]
V  [jvm.dll+0x462b72]
V  [jvm.dll+0x49df9d]
V  [jvm.dll+0x45251f]
V  [jvm.dll+0x44feb4]
V  [jvm.dll+0x43aef7]
V  [jvm.dll+0xbc3eb]
V  [jvm.dll+0xbaa4b]
V  [jvm.dll+0x24e7c2]
V  [jvm.dll+0x2a2dcc]
C  [ucrtbase.DLL+0x682dd]
C  [KERNEL32.DLL+0x16ad]
C  [ntdll.dll+0x74629]


Current CompileTask:
C2:  70234 6613   !   4       sun.nio.cs.StreamDecoder::read (196 bytes)


---------------  P R O C E S S  ---------------

Java Threads: ( => current thread )
  0x0000002baa82e800 JavaThread "Thread-5" [_thread_in_native, id=9716, stack(0x0000002bae9b0000,0x0000002baeab0000)]
  0x0000002baa831800 JavaThread "Thread-4" [_thread_in_native, id=10120, stack(0x0000002bae8b0000,0x0000002bae9b0000)]
  0x0000002baa82e000 JavaThread "Thread-3" [_thread_blocked, id=5660, stack(0x0000002bae7b0000,0x0000002bae8b0000)]
  0x0000002ba944b000 JavaThread "ThreadedStreamConsumer" daemon [_thread_in_Java, id=4656, stack(0x0000002bae6b0000,0x0000002bae7b0000)]
  0x0000002baa1c0800 JavaThread "ping-timer-10s" daemon [_thread_blocked, id=7420, stack(0x0000002bae5b0000,0x0000002bae6b0000)]
  0x0000002bacb0b000 JavaThread "timeout-check-timer" daemon [_thread_blocked, id=5532, stack(0x0000002bae4b0000,0x0000002bae5b0000)]
  0x0000002bab931800 JavaThread "resolver-5" daemon [_thread_blocked, id=9336, stack(0x0000002bae000000,0x0000002bae100000)]
  0x0000002bad40f000 JavaThread "resolver-4" daemon [_thread_blocked, id=4120, stack(0x0000002badf00000,0x0000002bae000000)]
  0x0000002baaf6a800 JavaThread "resolver-3" daemon [_thread_blocked, id=9196, stack(0x0000002bae3b0000,0x0000002bae4b0000)]
  0x0000002bab57f000 JavaThread "resolver-2" daemon [_thread_blocked, id=6660, stack(0x0000002bae2b0000,0x0000002bae3b0000)]
  0x0000002bab8c1000 JavaThread "resolver-1" daemon [_thread_blocked, id=4408, stack(0x0000002bae1b0000,0x0000002bae2b0000)]
  0x0000002ba61d9800 JavaThread "Service Thread" daemon [_thread_blocked, id=9556, stack(0x0000002ba7a90000,0x0000002ba7b90000)]
  0x0000002ba6181000 JavaThread "C1 CompilerThread2" daemon [_thread_blocked, id=3156, stack(0x0000002ba7590000,0x0000002ba7690000)]
=>0x0000002ba6152000 JavaThread "C2 CompilerThread1" daemon [_thread_in_native, id=1032, stack(0x0000002ba7490000,0x0000002ba7590000)]
  0x0000002ba613e800 JavaThread "C2 CompilerThread0" daemon [_thread_blocked, id=10204, stack(0x0000002ba7390000,0x0000002ba7490000)]
  0x0000002ba6138800 JavaThread "Monitor Ctrl-Break" daemon [_thread_in_native, id=4988, stack(0x0000002ba7290000,0x0000002ba7390000)]
  0x0000002ba60ce800 JavaThread "Attach Listener" daemon [_thread_blocked, id=6312, stack(0x0000002ba7190000,0x0000002ba7290000)]
  0x0000002ba60cd800 JavaThread "Signal Dispatcher" daemon [_thread_blocked, id=6040, stack(0x0000002ba7090000,0x0000002ba7190000)]
  0x0000002ba60ac800 JavaThread "Finalizer" daemon [_thread_blocked, id=7384, stack(0x0000002ba6d80000,0x0000002ba6e80000)]
  0x0000002ba60a6000 JavaThread "Reference Handler" daemon [_thread_blocked, id=7464, stack(0x0000002ba6c80000,0x0000002ba6d80000)]
  0x0000002b91b70800 JavaThread "main" [_thread_in_native, id=3792, stack(0x0000002b93350000,0x0000002b93450000)]

Other Threads:
  0x0000002ba6083800 VMThread [stack: 0x0000002ba6b80000,0x0000002ba6c80000] [id=5268]
  0x0000002ba61b5800 WatcherThread [stack: 0x0000002ba7b90000,0x0000002ba7c90000] [id=8896]

VM state:not at safepoint (normal execution)

VM Mutex/Monitor currently owned by a thread: None

heap address: 0x00000000c1c00000, size: 996 MB, Compressed Oops mode: 32-bit
Narrow klass base: 0x0000000000000000, Narrow klass shift: 3
Compressed class space size: 1073741824 Address: 0x0000000100000000

Heap:
 PSYoungGen      total 214016K, used 32634K [0x00000000eb400000, 0x00000000fa280000, 0x0000000100000000)
  eden space 199680K, 16% used [0x00000000eb400000,0x00000000ed3deaf8,0x00000000f7700000)
  from space 14336K, 0% used [0x00000000f8500000,0x00000000f8500000,0x00000000f9300000)
  to   space 14336K, 0% used [0x00000000f7700000,0x00000000f7700000,0x00000000f8500000)
 ParOldGen       total 75264K, used 32306K [0x00000000c1c00000, 0x00000000c6580000, 0x00000000eb400000)
  object space 75264K, 42% used [0x00000000c1c00000,0x00000000c3b8cbd8,0x00000000c6580000)
 Metaspace       used 27331K, capacity 27962K, committed 30208K, reserved 1075200K
  class space    used 3051K, capacity 3227K, committed 3584K, reserved 1048576K

Card table byte_map: [0x0000002ba2810000,0x0000002ba2a10000] byte_map_base: 0x0000002ba2202000

Marking Bits: (ParMarkBitMap*) 0x00000000632e7fe0
 Begin Bits: [0x0000002ba2f60000, 0x0000002ba3ef0000)
 End Bits:   [0x0000002ba3ef0000, 0x0000002ba4e80000)

Polling page: 0x0000002b91ac0000

CodeCache: size=245760Kb used=19936Kb max_used=21836Kb free=225823Kb
 bounds [0x0000002b93450000, 0x0000002b949e0000, 0x0000002ba2450000]
 total_blobs=5926 nmethods=5462 adapters=375
 compilation: enabled

Compilation events (10 events):
Event: 68.240 Thread 0x0000002ba613e800 nmethod 6609 0x0000002b9434f890 code [0x0000002b9434fa60, 0x0000002b94351188]
Event: 68.491 Thread 0x0000002ba6181000 6611   !   3       java.util.concurrent.locks.AbstractQueuedSynchronizer::acquireQueued (93 bytes)
Event: 68.494 Thread 0x0000002ba6181000 nmethod 6611 0x0000002b9432db90 code [0x0000002b9432ddc0, 0x0000002b9432e8e0]
Event: 69.529 Thread 0x0000002ba6181000 6612       3       java.util.concurrent.ThreadPoolExecutor$Worker::unlock (7 bytes)
Event: 69.530 Thread 0x0000002ba6181000 nmethod 6612 0x0000002b93a4ff90 code [0x0000002b93a50120, 0x0000002b93a50670]
Event: 69.920 Thread 0x0000002ba6152000 6613   !   4       sun.nio.cs.StreamDecoder::read (196 bytes)
Event: 69.994 Thread 0x0000002ba6181000 6614       3       java.util.concurrent.locks.AbstractQueuedSynchronizer::acquire (27 bytes)
Event: 70.003 Thread 0x0000002ba6181000 nmethod 6614 0x0000002b936ac4d0 code [0x0000002b936ac680, 0x0000002b936acb40]
Event: 70.003 Thread 0x0000002ba6181000 6615   !   3       java.util.concurrent.ThreadPoolExecutor::getTask (179 bytes)
Event: 70.010 Thread 0x0000002ba6181000 nmethod 6615 0x0000002b942e1bd0 code [0x0000002b942e1e20, 0x0000002b942e2f60]

GC Heap History (10 events):
Event: 23.844 GC heap before
{Heap before GC invocations=12 (full 1):
 PSYoungGen      total 111104K, used 2297K [0x00000000eb400000, 0x00000000f6680000, 0x0000000100000000)
  eden space 101888K, 0% used [0x00000000eb400000,0x00000000eb400000,0x00000000f1780000)
  from space 9216K, 24% used [0x00000000f1780000,0x00000000f19be4e8,0x00000000f2080000)
  to   space 9728K, 0% used [0x00000000f5d00000,0x00000000f5d00000,0x00000000f6680000)
 ParOldGen       total 44032K, used 19489K [0x00000000c1c00000, 0x00000000c4700000, 0x00000000eb400000)
  object space 44032K, 44% used [0x00000000c1c00000,0x00000000c2f08640,0x00000000c4700000)
 Metaspace       used 20647K, capacity 21140K, committed 21248K, reserved 1069056K
  class space    used 2390K, capacity 2523K, committed 2560K, reserved 1048576K
Event: 24.014 GC heap after
Heap after GC invocations=12 (full 1):
 PSYoungGen      total 111104K, used 0K [0x00000000eb400000, 0x00000000f6680000, 0x0000000100000000)
  eden space 101888K, 0% used [0x00000000eb400000,0x00000000eb400000,0x00000000f1780000)
  from space 9216K, 0% used [0x00000000f1780000,0x00000000f1780000,0x00000000f2080000)
  to   space 9728K, 0% used [0x00000000f5d00000,0x00000000f5d00000,0x00000000f6680000)
 ParOldGen       total 41472K, used 14735K [0x00000000c1c00000, 0x00000000c4480000, 0x00000000eb400000)
  object space 41472K, 35% used [0x00000000c1c00000,0x00000000c2a63f20,0x00000000c4480000)
 Metaspace       used 20647K, capacity 21140K, committed 21248K, reserved 1069056K
  class space    used 2390K, capacity 2523K, committed 2560K, reserved 1048576K
}
Event: 27.045 GC heap before
{Heap before GC invocations=13 (full 1):
 PSYoungGen      total 111104K, used 101888K [0x00000000eb400000, 0x00000000f6680000, 0x0000000100000000)
  eden space 101888K, 100% used [0x00000000eb400000,0x00000000f1780000,0x00000000f1780000)
  from space 9216K, 0% used [0x00000000f1780000,0x00000000f1780000,0x00000000f2080000)
  to   space 9728K, 0% used [0x00000000f5d00000,0x00000000f5d00000,0x00000000f6680000)
 ParOldGen       total 41472K, used 14735K [0x00000000c1c00000, 0x00000000c4480000, 0x00000000eb400000)
  object space 41472K, 35% used [0x00000000c1c00000,0x00000000c2a63f20,0x00000000c4480000)
 Metaspace       used 23506K, capacity 24086K, committed 24448K, reserved 1071104K
  class space    used 2691K, capacity 2821K, committed 2944K, reserved 1048576K
Event: 27.101 GC heap after
Heap after GC invocations=13 (full 1):
 PSYoungGen      total 153088K, used 9720K [0x00000000eb400000, 0x00000000f6680000, 0x0000000100000000)
  eden space 143360K, 0% used [0x00000000eb400000,0x00000000eb400000,0x00000000f4000000)
  from space 9728K, 99% used [0x00000000f5d00000,0x00000000f667e080,0x00000000f6680000)
  to   space 13312K, 0% used [0x00000000f4c80000,0x00000000f4c80000,0x00000000f5980000)
 ParOldGen       total 41472K, used 20899K [0x00000000c1c00000, 0x00000000c4480000, 0x00000000eb400000)
  object space 41472K, 50% used [0x00000000c1c00000,0x00000000c3068ca0,0x00000000c4480000)
 Metaspace       used 23506K, capacity 24086K, committed 24448K, reserved 1071104K
  class space    used 2691K, capacity 2821K, committed 2944K, reserved 1048576K
}
Event: 35.126 GC heap before
{Heap before GC invocations=14 (full 1):
 PSYoungGen      total 153088K, used 153080K [0x00000000eb400000, 0x00000000f6680000, 0x0000000100000000)
  eden space 143360K, 100% used [0x00000000eb400000,0x00000000f4000000,0x00000000f4000000)
  from space 9728K, 99% used [0x00000000f5d00000,0x00000000f667e080,0x00000000f6680000)
  to   space 13312K, 0% used [0x00000000f4c80000,0x00000000f4c80000,0x00000000f5980000)
 ParOldGen       total 41472K, used 20899K [0x00000000c1c00000, 0x00000000c4480000, 0x00000000eb400000)
  object space 41472K, 50% used [0x00000000c1c00000,0x00000000c3068ca0,0x00000000c4480000)
 Metaspace       used 26296K, capacity 26990K, committed 27264K, reserved 1073152K
  class space    used 2984K, capacity 3143K, committed 3200K, reserved 1048576K
Event: 35.217 GC heap after
Heap after GC invocations=14 (full 1):
 PSYoungGen      total 169472K, used 11068K [0x00000000eb400000, 0x00000000f9300000, 0x0000000100000000)
  eden space 156160K, 0% used [0x00000000eb400000,0x00000000eb400000,0x00000000f4c80000)
  from space 13312K, 83% used [0x00000000f4c80000,0x00000000f574f1e8,0x00000000f5980000)
  to   space 14336K, 0% used [0x00000000f8500000,0x00000000f8500000,0x00000000f9300000)
 ParOldGen       total 41472K, used 30526K [0x00000000c1c00000, 0x00000000c4480000, 0x00000000eb400000)
  object space 41472K, 73% used [0x00000000c1c00000,0x00000000c39cf810,0x00000000c4480000)
 Metaspace       used 26296K, capacity 26990K, committed 27264K, reserved 1073152K
  class space    used 2984K, capacity 3143K, committed 3200K, reserved 1048576K
}
Event: 45.155 GC heap before
{Heap before GC invocations=15 (full 1):
 PSYoungGen      total 169472K, used 167228K [0x00000000eb400000, 0x00000000f9300000, 0x0000000100000000)
  eden space 156160K, 100% used [0x00000000eb400000,0x00000000f4c80000,0x00000000f4c80000)
  from space 13312K, 83% used [0x00000000f4c80000,0x00000000f574f1e8,0x00000000f5980000)
  to   space 14336K, 0% used [0x00000000f8500000,0x00000000f8500000,0x00000000f9300000)
 ParOldGen       total 41472K, used 30526K [0x00000000c1c00000, 0x00000000c4480000, 0x00000000eb400000)
  object space 41472K, 73% used [0x00000000c1c00000,0x00000000c39cf810,0x00000000c4480000)
 Metaspace       used 29230K, capacity 30040K, committed 30208K, reserved 1075200K
  class space    used 3302K, capacity 3514K, committed 3584K, reserved 1048576K
Event: 45.236 GC heap after
Heap after GC invocations=15 (full 1):
 PSYoungGen      total 214016K, used 8649K [0x00000000eb400000, 0x00000000fa280000, 0x0000000100000000)
  eden space 199680K, 0% used [0x00000000eb400000,0x00000000eb400000,0x00000000f7700000)
  from space 14336K, 60% used [0x00000000f8500000,0x00000000f8d724c0,0x00000000f9300000)
  to   space 14336K, 0% used [0x00000000f7700000,0x00000000f7700000,0x00000000f8500000)
 ParOldGen       total 41472K, used 40108K [0x00000000c1c00000, 0x00000000c4480000, 0x00000000eb400000)
  object space 41472K, 96% used [0x00000000c1c00000,0x00000000c432b220,0x00000000c4480000)
 Metaspace       used 29230K, capacity 30040K, committed 30208K, reserved 1075200K
  class space    used 3302K, capacity 3514K, committed 3584K, reserved 1048576K
}
Event: 45.236 GC heap before
{Heap before GC invocations=16 (full 2):
 PSYoungGen      total 214016K, used 8649K [0x00000000eb400000, 0x00000000fa280000, 0x0000000100000000)
  eden space 199680K, 0% used [0x00000000eb400000,0x00000000eb400000,0x00000000f7700000)
  from space 14336K, 60% used [0x00000000f8500000,0x00000000f8d724c0,0x00000000f9300000)
  to   space 14336K, 0% used [0x00000000f7700000,0x00000000f7700000,0x00000000f8500000)
 ParOldGen       total 41472K, used 40108K [0x00000000c1c00000, 0x00000000c4480000, 0x00000000eb400000)
  object space 41472K, 96% used [0x00000000c1c00000,0x00000000c432b220,0x00000000c4480000)
 Metaspace       used 29230K, capacity 30040K, committed 30208K, reserved 1075200K
  class space    used 3302K, capacity 3514K, committed 3584K, reserved 1048576K
Event: 45.549 GC heap after
Heap after GC invocations=16 (full 2):
 PSYoungGen      total 214016K, used 0K [0x00000000eb400000, 0x00000000fa280000, 0x0000000100000000)
  eden space 199680K, 0% used [0x00000000eb400000,0x00000000eb400000,0x00000000f7700000)
  from space 14336K, 0% used [0x00000000f8500000,0x00000000f8500000,0x00000000f9300000)
  to   space 14336K, 0% used [0x00000000f7700000,0x00000000f7700000,0x00000000f8500000)
 ParOldGen       total 75264K, used 32306K [0x00000000c1c00000, 0x00000000c6580000, 0x00000000eb400000)
  object space 75264K, 42% used [0x00000000c1c00000,0x00000000c3b8cbd8,0x00000000c6580000)
 Metaspace       used 26410K, capacity 27034K, committed 30208K, reserved 1075200K
  class space    used 2952K, capacity 3131K, committed 3584K, reserved 1048576K
}

Deoptimization events (10 events):
Event: 46.173 Thread 0x0000002b91b70800 Uncommon trap: reason=class_check action=maybe_recompile pc=0x0000002b93b0cfc0 method=sun.nio.cs.StreamEncoder.writeBytes()V @ 120
Event: 46.182 Thread 0x0000002b91b70800 Uncommon trap: reason=speculate_class_check action=maybe_recompile pc=0x0000002b93aeea2c method=java.nio.charset.CharsetEncoder.encode(Ljava/nio/CharBuffer;Ljava/nio/ByteBuffer;Z)Ljava/nio/charset/CoderResult; @ 57
Event: 46.183 Thread 0x0000002b91b70800 Uncommon trap: reason=class_check action=maybe_recompile pc=0x0000002b93b0cfc0 method=sun.nio.cs.StreamEncoder.writeBytes()V @ 120
Event: 46.184 Thread 0x0000002b91b70800 Uncommon trap: reason=class_check action=maybe_recompile pc=0x0000002b93b0cfc0 method=sun.nio.cs.StreamEncoder.writeBytes()V @ 120
Event: 46.365 Thread 0x0000002b91b70800 Uncommon trap: reason=speculate_class_check action=maybe_recompile pc=0x0000002b93aeea2c method=java.nio.charset.CharsetEncoder.encode(Ljava/nio/CharBuffer;Ljava/nio/ByteBuffer;Z)Ljava/nio/charset/CoderResult; @ 57
Event: 46.365 Thread 0x0000002b91b70800 Uncommon trap: reason=class_check action=maybe_recompile pc=0x0000002b93b0cfc0 method=sun.nio.cs.StreamEncoder.writeBytes()V @ 120
Event: 46.696 Thread 0x0000002b91b70800 Uncommon trap: reason=unstable_if action=reinterpret pc=0x0000002b93576fd4 method=java.util.zip.DeflaterOutputStream.deflate()V @ 19
Event: 49.016 Thread 0x0000002baa831800 Uncommon trap: reason=unstable_if action=reinterpret pc=0x0000002b9410d860 method=java.io.BufferedReader.readLine(Z)Ljava/lang/String; @ 265
Event: 50.751 Thread 0x0000002ba944b000 Uncommon trap: reason=unstable_if action=reinterpret pc=0x0000002b93fe8e80 method=java.util.StringTokenizer.nextToken()Ljava/lang/String; @ 5
Event: 55.967 Thread 0x0000002ba944b000 Uncommon trap: reason=predicate action=maybe_recompile pc=0x0000002b944f0b44 method=sun.nio.cs.UTF_8$Encoder.encodeArrayLoop(Ljava/nio/CharBuffer;Ljava/nio/ByteBuffer;)Ljava/nio/charset/CoderResult; @ 116

Classes redefined (0 events):
No events

Internal exceptions (10 events):
Event: 24.822 Thread 0x0000002b91b70800 Exception <a 'java/io/FileNotFoundException'> (0x00000000eea96328) thrown at [C:\jenkins\workspace\8-2-build-windows-amd64-cygwin\jdk8u271\605\hotspot\src\share\vm\prims\jni.cpp, line 710]
Event: 27.790 Thread 0x0000002b91b70800 Implicit null exception at 0x0000002b93b4aef1 to 0x0000002b93b4b305
Event: 27.804 Thread 0x0000002b91b70800 Implicit null exception at 0x0000002b93b3c9d5 to 0x0000002b93b3cbd1
Event: 32.659 Thread 0x0000002b91b70800 Implicit null exception at 0x0000002b93b45a71 to 0x0000002b93b465ed
Event: 32.659 Thread 0x0000002b91b70800 Implicit null exception at 0x0000002b937e2918 to 0x0000002b937e29a6
Event: 39.445 Thread 0x0000002b91b70800 Implicit null exception at 0x0000002b9483658f to 0x0000002b94836771
Event: 39.488 Thread 0x0000002b91b70800 Exception <a 'java/io/FileNotFoundException'> (0x00000000eef21400) thrown at [C:\jenkins\workspace\8-2-build-windows-amd64-cygwin\jdk8u271\605\hotspot\src\share\vm\prims\jni.cpp, line 710]
Event: 39.491 Thread 0x0000002b91b70800 Exception <a 'java/io/FileNotFoundException'> (0x00000000eef22df0) thrown at [C:\jenkins\workspace\8-2-build-windows-amd64-cygwin\jdk8u271\605\hotspot\src\share\vm\prims\jni.cpp, line 710]
Event: 44.755 Thread 0x0000002b91b70800 Exception <a 'java/lang/NoSuchMethodError': org.apache.maven.execution.MavenExecutionRequest.getFailureBehavior()Ljava/lang/String;> (0x00000000f3c93dd0) thrown at [C:\jenkins\workspace\8-2-build-windows-amd64-cygwin\jdk8u271\605\hotspot\src\share\vm\inte
Event: 44.878 Thread 0x0000002bab8c1000 Implicit null exception at 0x0000002b9406bd7f to 0x0000002b9406c5d1

Events (10 events):
Event: 50.785 loading class org/fusesource/jansi/Ansi$Color done
Event: 50.785 loading class org/fusesource/jansi/Ansi$Color
Event: 50.785 loading class org/fusesource/jansi/Ansi$Color done
Event: 50.785 loading class org/fusesource/jansi/Ansi$Color
Event: 50.785 loading class org/fusesource/jansi/Ansi$Color done
Event: 55.967 Thread 0x0000002ba944b000 Uncommon trap: trap_request=0xffffff86 fr.pc=0x0000002b944f0b44
Event: 55.967 Thread 0x0000002ba944b000 DEOPT PACKING pc=0x0000002b944f0b44 sp=0x0000002bae7aeb50
Event: 55.967 Thread 0x0000002ba944b000 DEOPT UNPACKING pc=0x0000002b93495843 sp=0x0000002bae7aead0 mode 2
Event: 68.088 Thread 0x0000002baa831800 DEOPT PACKING pc=0x0000002b943a365c sp=0x0000002bae9af410
Event: 68.088 Thread 0x0000002baa831800 DEOPT UNPACKING pc=0x0000002b93497898 sp=0x0000002bae9af188 mode 0


Dynamic libraries:
0x00007ff63c520000 - 0x00007ff63c567000 	C:\Program Files\Java\jdk1.8.0_271\bin\java.exe
0x00007fffa0820000 - 0x00007fffa09ca000 	C:\WINDOWS\SYSTEM32\ntdll.dll
0x00007fffa0360000 - 0x00007fffa049a000 	C:\WINDOWS\system32\KERNEL32.DLL
0x00007fff9df90000 - 0x00007fff9e09f000 	C:\WINDOWS\system32\KERNELBASE.dll
0x00007fff9c7d0000 - 0x00007fff9c858000 	C:\WINDOWS\system32\apphelp.dll
0x00007fff8a460000 - 0x00007fff8a4af000 	C:\WINDOWS\AppPatch\AppPatch64\AcGenral.DLL
0x00007fff9e370000 - 0x00007fff9e417000 	C:\WINDOWS\system32\msvcrt.dll
0x00007fff9d9d0000 - 0x00007fff9d9fb000 	C:\WINDOWS\SYSTEM32\SspiCli.dll
0x00007fff9e430000 - 0x00007fff9e481000 	C:\WINDOWS\system32\SHLWAPI.dll
0x00007fff9e1f0000 - 0x00007fff9e361000 	C:\WINDOWS\system32\USER32.dll
0x00007fff9f950000 - 0x00007fff9fac8000 	C:\WINDOWS\system32\ole32.dll
0x00007fff9e490000 - 0x00007fff9f8a7000 	C:\WINDOWS\system32\SHELL32.dll
0x00007fff9d1a0000 - 0x00007fff9d1be000 	C:\WINDOWS\SYSTEM32\USERENV.dll
0x00007fff9fb10000 - 0x00007fff9fbb5000 	C:\WINDOWS\system32\ADVAPI32.dll
0x00007fff912c0000 - 0x00007fff912db000 	C:\WINDOWS\SYSTEM32\MPR.dll
0x00007fffa06e0000 - 0x00007fffa0816000 	C:\WINDOWS\system32\RPCRT4.dll
0x00007fffa04a0000 - 0x00007fffa04f7000 	C:\WINDOWS\SYSTEM32\sechost.dll
0x00007fff9fbc0000 - 0x00007fff9fd96000 	C:\WINDOWS\SYSTEM32\combase.dll
0x00007fff9fe00000 - 0x00007fff9ff45000 	C:\WINDOWS\system32\GDI32.dll
0x00007fff9db90000 - 0x00007fff9dba4000 	C:\WINDOWS\SYSTEM32\profapi.dll
0x00007fff9c050000 - 0x00007fff9c0ef000 	C:\WINDOWS\SYSTEM32\SHCORE.dll
0x00007fff9e1b0000 - 0x00007fff9e1e4000 	C:\WINDOWS\system32\IMM32.DLL
0x00007fff9ff50000 - 0x00007fffa0089000 	C:\WINDOWS\system32\MSCTF.dll
0x00007fff9a840000 - 0x00007fff9aa9a000 	C:\WINDOWS\WinSxS\amd64_microsoft.windows.common-controls_6595b64144ccf1df_6.0.9600.17031_none_6242a4b3ecbb55a1\COMCTL32.dll
0x00007fff9ae40000 - 0x00007fff9ae55000 	C:\Program Files\Java\jdk1.8.0_271\jre\bin\vcruntime140.dll
0x00007fff94e90000 - 0x00007fff94e94000 	C:\WINDOWS\SYSTEM32\api-ms-win-crt-runtime-l1-1-0.dll
0x00007fff924d0000 - 0x00007fff924d3000 	C:\WINDOWS\SYSTEM32\api-ms-win-crt-heap-l1-1-0.dll
0x00007fff952f0000 - 0x00007fff952f4000 	C:\WINDOWS\SYSTEM32\api-ms-win-crt-string-l1-1-0.dll
0x00007fff98e50000 - 0x00007fff98e54000 	C:\WINDOWS\SYSTEM32\api-ms-win-crt-stdio-l1-1-0.dll
0x00007fff948c0000 - 0x00007fff948c4000 	C:\WINDOWS\SYSTEM32\api-ms-win-crt-convert-l1-1-0.dll
0x00007fff8b740000 - 0x00007fff8b832000 	C:\WINDOWS\SYSTEM32\ucrtbase.DLL
0x00007fff88570000 - 0x00007fff8860b000 	C:\Program Files\Java\jdk1.8.0_271\jre\bin\msvcp140.dll
0x00007fff91f80000 - 0x00007fff91f83000 	C:\WINDOWS\SYSTEM32\api-ms-win-crt-locale-l1-1-0.dll
0x00007fff92500000 - 0x00007fff92505000 	C:\WINDOWS\SYSTEM32\api-ms-win-crt-math-l1-1-0.dll
0x00007fff924f0000 - 0x00007fff924f3000 	C:\WINDOWS\SYSTEM32\api-ms-win-crt-filesystem-l1-1-0.dll
0x00007fff924e0000 - 0x00007fff924e3000 	C:\WINDOWS\SYSTEM32\api-ms-win-crt-time-l1-1-0.dll
0x00007fff94090000 - 0x00007fff94093000 	C:\WINDOWS\SYSTEM32\api-ms-win-crt-environment-l1-1-0.dll
0x00007fff93cb0000 - 0x00007fff93cb3000 	C:\WINDOWS\SYSTEM32\api-ms-win-crt-utility-l1-1-0.dll
0x0000000062af0000 - 0x000000006335f000 	C:\Program Files\Java\jdk1.8.0_271\jre\bin\server\jvm.dll
0x00007fff95830000 - 0x00007fff95839000 	C:\WINDOWS\SYSTEM32\WSOCK32.dll
0x00007fff96af0000 - 0x00007fff96b0f000 	C:\WINDOWS\SYSTEM32\WINMM.dll
0x00007fff953d0000 - 0x00007fff953da000 	C:\WINDOWS\SYSTEM32\VERSION.dll
0x00007fff9faf0000 - 0x00007fff9faf7000 	C:\WINDOWS\system32\PSAPI.DLL
0x00007fffa0230000 - 0x00007fffa0288000 	C:\WINDOWS\system32\WS2_32.dll
0x00007fff96ac0000 - 0x00007fff96aea000 	C:\WINDOWS\SYSTEM32\WINMMBASE.dll
0x00007fff9fb00000 - 0x00007fff9fb09000 	C:\WINDOWS\system32\NSI.dll
0x00007fff9dc60000 - 0x00007fff9dcaa000 	C:\WINDOWS\SYSTEM32\cfgmgr32.dll
0x00007fff9ca20000 - 0x00007fff9ca46000 	C:\WINDOWS\SYSTEM32\DEVOBJ.dll
0x00007fff9bec0000 - 0x00007fff9bed0000 	C:\Program Files\Java\jdk1.8.0_271\jre\bin\verify.dll
0x00007fff89100000 - 0x00007fff8912b000 	C:\Program Files\Java\jdk1.8.0_271\jre\bin\java.dll
0x00007fff88540000 - 0x00007fff88570000 	C:\Program Files\Java\jdk1.8.0_271\jre\bin\instrument.dll
0x00007fff996a0000 - 0x00007fff996b8000 	C:\Program Files\Java\jdk1.8.0_271\jre\bin\zip.dll
0x00007fff9c7c0000 - 0x00007fff9c7ca000 	C:\WINDOWS\SYSTEM32\kernel.appcore.dll
0x00007fff8b360000 - 0x00007fff8b37a000 	C:\Program Files\JetBrains\IntelliJ IDEA 2021.2\bin\breakgen64.dll
0x00007fff97930000 - 0x00007fff9794c000 	C:\Program Files\Java\jdk1.8.0_271\jre\bin\net.dll
0x00007fff9d450000 - 0x00007fff9d4a8000 	C:\WINDOWS\system32\mswsock.dll
0x00007fff9d4b0000 - 0x00007fff9d4ce000 	C:\WINDOWS\SYSTEM32\CRYPTSP.dll
0x00007fff9d090000 - 0x00007fff9d0c5000 	C:\WINDOWS\system32\rsaenh.dll
0x00007fff9d6e0000 - 0x00007fff9d706000 	C:\WINDOWS\SYSTEM32\bcrypt.dll
0x00007fff9da00000 - 0x00007fff9da60000 	C:\WINDOWS\system32\bcryptprimitives.dll
0x00007fff9da60000 - 0x00007fff9da6a000 	C:\WINDOWS\SYSTEM32\CRYPTBASE.dll
0x00007fff98d30000 - 0x00007fff98d59000 	C:\WINDOWS\SYSTEM32\IPHLPAPI.DLL
0x00007fff98c50000 - 0x00007fff98c5a000 	C:\WINDOWS\SYSTEM32\WINNSI.DLL
0x00007fff98c60000 - 0x00007fff98c74000 	C:\WINDOWS\SYSTEM32\dhcpcsvc6.DLL
0x00007fff98c80000 - 0x00007fff98c99000 	C:\WINDOWS\SYSTEM32\dhcpcsvc.DLL
0x00007fff90f70000 - 0x00007fff90f83000 	C:\Program Files\Java\jdk1.8.0_271\jre\bin\nio.dll
0x00007fff9c750000 - 0x00007fff9c75a000 	C:\Users\Виктор\AppData\Local\Temp\jansi-1.17.1-3036038087824211501.dll
0x00007fff9c560000 - 0x00007fff9c56a000 	C:\Users\Виктор\AppData\Local\Temp\jansi-1.17.1-3129575567502210131.dll
0x00007fff9ae30000 - 0x00007fff9ae3d000 	C:\Program Files\Java\jdk1.8.0_271\jre\bin\management.dll
0x00007fff94160000 - 0x00007fff94174000 	C:\WINDOWS\system32\napinsp.dll
0x00007fff94140000 - 0x00007fff94159000 	C:\WINDOWS\system32\pnrpnsp.dll
0x00007fff9b7d0000 - 0x00007fff9b7e9000 	C:\WINDOWS\system32\NLAapi.dll
0x00007fff9d200000 - 0x00007fff9d2a3000 	C:\WINDOWS\SYSTEM32\DNSAPI.dll
0x00007fff94130000 - 0x00007fff9413c000 	C:\WINDOWS\System32\winrnr.dll
0x00007fff940d0000 - 0x00007fff940e3000 	C:\WINDOWS\system32\wshbth.dll
0x00007fff94080000 - 0x00007fff94089000 	C:\Windows\System32\rasadhlp.dll
0x00007fff98620000 - 0x00007fff98688000 	C:\WINDOWS\System32\fwpuclnt.dll
0x00007fff88290000 - 0x00007fff88418000 	C:\WINDOWS\SYSTEM32\dbghelp.dll

VM Arguments:
jvm_args: -Dmaven.multiModuleProjectDirectory=C:\JavaProjects\Cookbook -Dmaven.home=C:\Program Files\JetBrains\IntelliJ IDEA 2021.2\plugins\maven\lib\maven3 -Dclassworlds.conf=C:\Program Files\JetBrains\IntelliJ IDEA 2021.2\plugins\maven\lib\maven3\bin\m2.conf -Dmaven.ext.class.path=C:\Program Files\JetBrains\IntelliJ IDEA 2021.2\plugins\maven\lib\maven-event-listener.jar -javaagent:C:\Program Files\JetBrains\IntelliJ IDEA 2021.2\lib\idea_rt.jar=52692:C:\Program Files\JetBrains\IntelliJ IDEA 2021.2\bin -Dfile.encoding=UTF-8 
java_command: org.codehaus.classworlds.Launcher -Didea.version=2021.2 package
java_class_path (initial): C:\Program Files\JetBrains\IntelliJ IDEA 2021.2\plugins\maven\lib\maven3\boot\plexus-classworlds-2.6.0.jar;C:\Program Files\JetBrains\IntelliJ IDEA 2021.2\plugins\maven\lib\maven3\boot\plexus-classworlds.license;C:\Program Files\JetBrains\IntelliJ IDEA 2021.2\lib\idea_rt.jar
Launcher Type: SUN_STANDARD

Environment Variables:
CLASSPATH=.;..;C:\TIJ4\code;
PATH=C:\Program Files\Java\jdk1.8.0_271\bin;C:\Program Files (x86)\Common Files\Oracle\Java\javapath;C:\Program Files (x86)\Intel\iCLS Client\;C:\Program Files\Intel\iCLS Client\;C:\WINDOWS\system32;C:\WINDOWS;C:\WINDOWS\System32\Wbem;C:\WINDOWS\System32\WindowsPowerShell\v1.0\;C:\Program Files (x86)\Intel\OpenCL SDK\2.0\bin\x86;C:\Program Files (x86)\Intel\OpenCL SDK\2.0\bin\x64;C:\Program Files (x86)\Windows Live\Shared;C:\Program Files\Intel\WiFi\bin\;C:\Program Files\Common Files\Intel\WirelessCommon\;C:\Program Files\Intel\Intel(R) Management Engine Components\DAL;C:\Program Files\Intel\Intel(R) Management Engine Components\IPT;C:\Program Files (x86)\Intel\Intel(R) Management Engine Components\DAL;C:\Program Files (x86)\Intel\Intel(R) Management Engine Components\IPT;C:\Program Files\OpenVPN\bin;C:\Program Files\PuTTY\;C:\Program Files\MySQL\MySQL Shell 8.0\bin\;C:\Program Files\Docker Toolbox
USERNAME=Виктор
OS=Windows_NT
PROCESSOR_IDENTIFIER=Intel64 Family 6 Model 58 Stepping 9, GenuineIntel



---------------  S Y S T E M  ---------------

OS: Windows 8.1 , 64 bit Build 9600 (6.3.9600.17056)

CPU:total 4 (initial active 4) (2 cores per cpu, 2 threads per core) family 6 model 58 stepping 9, cmov, cx8, fxsr, mmx, sse, sse2, sse3, ssse3, sse4.1, sse4.2, popcnt, avx, aes, clmul, erms, ht, tsc, tscinvbit, tscinv

Memory: 4k page, physical 4076136k(150128k free), swap 7686764k(5088k free)

vm_info: Java HotSpot(TM) 64-Bit Server VM (25.271-b09) for windows-amd64 JRE (1.8.0_271-b09), built on Sep 16 2020 19:14:59 by "" with MS VC++ 15.9 (VS2017)

time: Tue Nov 23 18:16:22 2021
timezone: Iineianeia a?aiy (ceia)
elapsed time: 70.234344 seconds (0d 0h 1m 10s)

